{"C:\\Users\\kkita\\Documents\\GitHub\\SIGA\\backend\\src\\config\\prisma.js": {"path":"C:\\Users\\kkita\\Documents\\GitHub\\SIGA\\backend\\src\\config\\prisma.js","statementMap":{"0":{"start":{"line":7,"column":13},"end":{"line":7,"column":69}},"1":{"start":{"line":10,"column":16},"end":{"line":10,"column":34}},"2":{"start":{"line":13,"column":15},"end":{"line":13,"column":44}}},"fnMap":{},"branchMap":{},"s":{"0":3,"1":3,"2":3},"f":{},"b":{},"_coverageSchema":"1a1c01bbd47fc00a2c39e90264f33305004495a9","hash":"8a6b3ca0ad42636d536e5393bd760923b451bdd8"}
,"C:\\Users\\kkita\\Documents\\GitHub\\SIGA\\backend\\src\\controllers\\asignacion-pie.controller.js": {"path":"C:\\Users\\kkita\\Documents\\GitHub\\SIGA\\backend\\src\\controllers\\asignacion-pie.controller.js","statementMap":{"0":{"start":{"line":8,"column":29},"end":{"line":13,"column":2}},"1":{"start":{"line":15,"column":23},"end":{"line":22,"column":1}},"2":{"start":{"line":16,"column":21},"end":{"line":16,"column":44}},"3":{"start":{"line":18,"column":2},"end":{"line":21,"column":5}},"4":{"start":{"line":24,"column":44},"end":{"line":44,"column":1}},"5":{"start":{"line":25,"column":21},"end":{"line":25,"column":59}},"6":{"start":{"line":27,"column":2},"end":{"line":32,"column":3}},"7":{"start":{"line":28,"column":4},"end":{"line":31,"column":7}},"8":{"start":{"line":34,"column":2},"end":{"line":43,"column":3}},"9":{"start":{"line":35,"column":22},"end":{"line":38,"column":6}},"10":{"start":{"line":40,"column":4},"end":{"line":40,"column":43}},"11":{"start":{"line":42,"column":4},"end":{"line":42,"column":38}},"12":{"start":{"line":46,"column":47},"end":{"line":57,"column":1}},"13":{"start":{"line":47,"column":2},"end":{"line":56,"column":3}},"14":{"start":{"line":48,"column":25},"end":{"line":48,"column":72}},"15":{"start":{"line":50,"column":4},"end":{"line":53,"column":7}},"16":{"start":{"line":55,"column":4},"end":{"line":55,"column":38}},"17":{"start":{"line":59,"column":46},"end":{"line":72,"column":1}},"18":{"start":{"line":60,"column":2},"end":{"line":71,"column":3}},"19":{"start":{"line":61,"column":23},"end":{"line":63,"column":5}},"20":{"start":{"line":65,"column":4},"end":{"line":68,"column":7}},"21":{"start":{"line":70,"column":4},"end":{"line":70,"column":38}},"22":{"start":{"line":74,"column":48},"end":{"line":85,"column":1}},"23":{"start":{"line":75,"column":2},"end":{"line":84,"column":3}},"24":{"start":{"line":76,"column":22},"end":{"line":79,"column":5}},"25":{"start":{"line":81,"column":4},"end":{"line":81,"column":43}},"26":{"start":{"line":83,"column":4},"end":{"line":83,"column":38}}},"fnMap":{"0":{"name":"(anonymous_0)","decl":{"start":{"line":15,"column":23},"end":{"line":15,"column":24}},"loc":{"start":{"line":15,"column":39},"end":{"line":22,"column":1}},"line":15},"1":{"name":"(anonymous_1)","decl":{"start":{"line":24,"column":44},"end":{"line":24,"column":45}},"loc":{"start":{"line":24,"column":64},"end":{"line":44,"column":1}},"line":24},"2":{"name":"(anonymous_2)","decl":{"start":{"line":46,"column":47},"end":{"line":46,"column":48}},"loc":{"start":{"line":46,"column":67},"end":{"line":57,"column":1}},"line":46},"3":{"name":"(anonymous_3)","decl":{"start":{"line":59,"column":46},"end":{"line":59,"column":47}},"loc":{"start":{"line":59,"column":66},"end":{"line":72,"column":1}},"line":59},"4":{"name":"(anonymous_4)","decl":{"start":{"line":74,"column":48},"end":{"line":74,"column":49}},"loc":{"start":{"line":74,"column":68},"end":{"line":85,"column":1}},"line":74}},"branchMap":{"0":{"loc":{"start":{"line":16,"column":21},"end":{"line":16,"column":44}},"type":"binary-expr","locations":[{"start":{"line":16,"column":21},"end":{"line":16,"column":37}},{"start":{"line":16,"column":41},"end":{"line":16,"column":44}}],"line":16},"1":{"loc":{"start":{"line":27,"column":2},"end":{"line":32,"column":3}},"type":"if","locations":[{"start":{"line":27,"column":2},"end":{"line":32,"column":3}},{"start":{},"end":{}}],"line":27}},"s":{"0":1,"1":1,"2":0,"3":0,"4":1,"5":2,"6":2,"7":1,"8":1,"9":1,"10":1,"11":0,"12":1,"13":1,"14":1,"15":1,"16":0,"17":1,"18":0,"19":0,"20":0,"21":0,"22":1,"23":0,"24":0,"25":0,"26":0},"f":{"0":0,"1":2,"2":1,"3":0,"4":0},"b":{"0":[0,0],"1":[1,1]},"_coverageSchema":"1a1c01bbd47fc00a2c39e90264f33305004495a9","hash":"eba69b738050876ff62204aaab64f4a9af97c9f1"}
,"C:\\Users\\kkita\\Documents\\GitHub\\SIGA\\backend\\src\\controllers\\asignacion.controller.js": {"path":"C:\\Users\\kkita\\Documents\\GitHub\\SIGA\\backend\\src\\controllers\\asignacion.controller.js","statementMap":{"0":{"start":{"line":4,"column":36},"end":{"line":28,"column":1}},"1":{"start":{"line":5,"column":2},"end":{"line":27,"column":3}},"2":{"start":{"line":6,"column":67},"end":{"line":6,"column":75}},"3":{"start":{"line":8,"column":4},"end":{"line":13,"column":5}},"4":{"start":{"line":9,"column":6},"end":{"line":12,"column":9}},"5":{"start":{"line":15,"column":28},"end":{"line":15,"column":47}},"6":{"start":{"line":16,"column":22},"end":{"line":21,"column":5}},"7":{"start":{"line":23,"column":4},"end":{"line":23,"column":57}},"8":{"start":{"line":26,"column":4},"end":{"line":26,"column":69}},"9":{"start":{"line":30,"column":36},"end":{"line":47,"column":1}},"10":{"start":{"line":31,"column":2},"end":{"line":46,"column":3}},"11":{"start":{"line":32,"column":26},"end":{"line":32,"column":36}},"12":{"start":{"line":33,"column":28},"end":{"line":33,"column":47}},"13":{"start":{"line":35,"column":22},"end":{"line":35,"column":66}},"14":{"start":{"line":37,"column":4},"end":{"line":40,"column":7}},"15":{"start":{"line":42,"column":4},"end":{"line":45,"column":7}}},"fnMap":{"0":{"name":"(anonymous_0)","decl":{"start":{"line":4,"column":36},"end":{"line":4,"column":37}},"loc":{"start":{"line":4,"column":56},"end":{"line":28,"column":1}},"line":4},"1":{"name":"(anonymous_1)","decl":{"start":{"line":30,"column":36},"end":{"line":30,"column":37}},"loc":{"start":{"line":30,"column":56},"end":{"line":47,"column":1}},"line":30}},"branchMap":{"0":{"loc":{"start":{"line":8,"column":4},"end":{"line":13,"column":5}},"type":"if","locations":[{"start":{"line":8,"column":4},"end":{"line":13,"column":5}},{"start":{},"end":{}}],"line":8},"1":{"loc":{"start":{"line":8,"column":8},"end":{"line":8,"column":43}},"type":"binary-expr","locations":[{"start":{"line":8,"column":8},"end":{"line":8,"column":25}},{"start":{"line":8,"column":29},"end":{"line":8,"column":43}}],"line":8}},"s":{"0":1,"1":1,"2":1,"3":1,"4":0,"5":1,"6":1,"7":1,"8":0,"9":1,"10":1,"11":1,"12":1,"13":1,"14":1,"15":0},"f":{"0":1,"1":1},"b":{"0":[0,1],"1":[1,1]},"_coverageSchema":"1a1c01bbd47fc00a2c39e90264f33305004495a9","hash":"f1cbe5471a16ab04e865cb1118851738e443b95d"}
,"C:\\Users\\kkita\\Documents\\GitHub\\SIGA\\backend\\src\\controllers\\auth.controller.js": {"path":"C:\\Users\\kkita\\Documents\\GitHub\\SIGA\\backend\\src\\controllers\\auth.controller.js","statementMap":{"0":{"start":{"line":5,"column":24},"end":{"line":27,"column":1}},"1":{"start":{"line":6,"column":2},"end":{"line":26,"column":3}},"2":{"start":{"line":7,"column":25},"end":{"line":7,"column":50}},"3":{"start":{"line":9,"column":20},"end":{"line":9,"column":64}},"4":{"start":{"line":10,"column":4},"end":{"line":13,"column":7}},"5":{"start":{"line":16,"column":4},"end":{"line":20,"column":5}},"6":{"start":{"line":17,"column":6},"end":{"line":19,"column":74}},"7":{"start":{"line":22,"column":4},"end":{"line":22,"column":47}},"8":{"start":{"line":23,"column":4},"end":{"line":25,"column":71}},"9":{"start":{"line":29,"column":21},"end":{"line":58,"column":1}},"10":{"start":{"line":30,"column":2},"end":{"line":57,"column":3}},"11":{"start":{"line":31,"column":22},"end":{"line":31,"column":44}},"12":{"start":{"line":33,"column":17},"end":{"line":33,"column":55}},"13":{"start":{"line":34,"column":4},"end":{"line":41,"column":7}},"14":{"start":{"line":43,"column":4},"end":{"line":47,"column":5}},"15":{"start":{"line":44,"column":6},"end":{"line":46,"column":74}},"16":{"start":{"line":49,"column":4},"end":{"line":53,"column":5}},"17":{"start":{"line":50,"column":6},"end":{"line":52,"column":70}},"18":{"start":{"line":55,"column":4},"end":{"line":55,"column":44}},"19":{"start":{"line":56,"column":4},"end":{"line":56,"column":66}}},"fnMap":{"0":{"name":"(anonymous_0)","decl":{"start":{"line":5,"column":24},"end":{"line":5,"column":25}},"loc":{"start":{"line":5,"column":44},"end":{"line":27,"column":1}},"line":5},"1":{"name":"(anonymous_1)","decl":{"start":{"line":29,"column":21},"end":{"line":29,"column":22}},"loc":{"start":{"line":29,"column":41},"end":{"line":58,"column":1}},"line":29}},"branchMap":{"0":{"loc":{"start":{"line":16,"column":4},"end":{"line":20,"column":5}},"type":"if","locations":[{"start":{"line":16,"column":4},"end":{"line":20,"column":5}},{"start":{},"end":{}}],"line":16},"1":{"loc":{"start":{"line":40,"column":30},"end":{"line":40,"column":71}},"type":"binary-expr","locations":[{"start":{"line":40,"column":30},"end":{"line":40,"column":41}},{"start":{"line":40,"column":45},"end":{"line":40,"column":71}}],"line":40},"2":{"loc":{"start":{"line":43,"column":4},"end":{"line":47,"column":5}},"type":"if","locations":[{"start":{"line":43,"column":4},"end":{"line":47,"column":5}},{"start":{},"end":{}}],"line":43},"3":{"loc":{"start":{"line":49,"column":4},"end":{"line":53,"column":5}},"type":"if","locations":[{"start":{"line":49,"column":4},"end":{"line":53,"column":5}},{"start":{},"end":{}}],"line":49}},"s":{"0":1,"1":1,"2":1,"3":1,"4":1,"5":0,"6":0,"7":0,"8":0,"9":1,"10":1,"11":1,"12":1,"13":0,"14":1,"15":0,"16":1,"17":1,"18":0,"19":0},"f":{"0":1,"1":1},"b":{"0":[0,0],"1":[0,0],"2":[0,1],"3":[1,0]},"_coverageSchema":"1a1c01bbd47fc00a2c39e90264f33305004495a9","hash":"055fdfc37b50e4d638d4d3e26468bfc3eeb1df73"}
,"C:\\Users\\kkita\\Documents\\GitHub\\SIGA\\backend\\src\\controllers\\curso.controller.js": {"path":"C:\\Users\\kkita\\Documents\\GitHub\\SIGA\\backend\\src\\controllers\\curso.controller.js","statementMap":{"0":{"start":{"line":4,"column":36},"end":{"line":28,"column":1}},"1":{"start":{"line":5,"column":2},"end":{"line":27,"column":3}},"2":{"start":{"line":6,"column":16},"end":{"line":6,"column":44}},"3":{"start":{"line":7,"column":18},"end":{"line":7,"column":52}},"4":{"start":{"line":9,"column":4},"end":{"line":12,"column":7}},"5":{"start":{"line":14,"column":4},"end":{"line":18,"column":5}},"6":{"start":{"line":15,"column":6},"end":{"line":17,"column":74}},"7":{"start":{"line":19,"column":4},"end":{"line":23,"column":5}},"8":{"start":{"line":20,"column":6},"end":{"line":22,"column":72}},"9":{"start":{"line":25,"column":4},"end":{"line":25,"column":50}},"10":{"start":{"line":26,"column":4},"end":{"line":26,"column":71}},"11":{"start":{"line":30,"column":39},"end":{"line":38,"column":1}},"12":{"start":{"line":31,"column":2},"end":{"line":37,"column":3}},"13":{"start":{"line":32,"column":19},"end":{"line":32,"column":53}},"14":{"start":{"line":33,"column":4},"end":{"line":33,"column":33}},"15":{"start":{"line":35,"column":4},"end":{"line":35,"column":53}},"16":{"start":{"line":36,"column":4},"end":{"line":36,"column":75}}},"fnMap":{"0":{"name":"(anonymous_0)","decl":{"start":{"line":4,"column":36},"end":{"line":4,"column":37}},"loc":{"start":{"line":4,"column":56},"end":{"line":28,"column":1}},"line":4},"1":{"name":"(anonymous_1)","decl":{"start":{"line":30,"column":39},"end":{"line":30,"column":40}},"loc":{"start":{"line":30,"column":59},"end":{"line":38,"column":1}},"line":30}},"branchMap":{"0":{"loc":{"start":{"line":14,"column":4},"end":{"line":18,"column":5}},"type":"if","locations":[{"start":{"line":14,"column":4},"end":{"line":18,"column":5}},{"start":{},"end":{}}],"line":14},"1":{"loc":{"start":{"line":19,"column":4},"end":{"line":23,"column":5}},"type":"if","locations":[{"start":{"line":19,"column":4},"end":{"line":23,"column":5}},{"start":{},"end":{}}],"line":19}},"s":{"0":1,"1":1,"2":1,"3":1,"4":1,"5":0,"6":0,"7":0,"8":0,"9":0,"10":0,"11":1,"12":1,"13":1,"14":1,"15":0,"16":0},"f":{"0":1,"1":1},"b":{"0":[0,0],"1":[0,0]},"_coverageSchema":"1a1c01bbd47fc00a2c39e90264f33305004495a9","hash":"9e6dccbd20b33692c9110c1173e18d71c9f74c5c"}
,"C:\\Users\\kkita\\Documents\\GitHub\\SIGA\\backend\\src\\controllers\\dashboard.controller.js": {"path":"C:\\Users\\kkita\\Documents\\GitHub\\SIGA\\backend\\src\\controllers\\dashboard.controller.js","statementMap":{"0":{"start":{"line":3,"column":40},"end":{"line":14,"column":1}},"1":{"start":{"line":4,"column":2},"end":{"line":13,"column":3}},"2":{"start":{"line":5,"column":21},"end":{"line":5,"column":70}},"3":{"start":{"line":7,"column":4},"end":{"line":7,"column":35}},"4":{"start":{"line":9,"column":4},"end":{"line":9,"column":69}},"5":{"start":{"line":10,"column":4},"end":{"line":12,"column":77}}},"fnMap":{"0":{"name":"(anonymous_0)","decl":{"start":{"line":3,"column":40},"end":{"line":3,"column":41}},"loc":{"start":{"line":3,"column":60},"end":{"line":14,"column":1}},"line":3}},"branchMap":{},"s":{"0":1,"1":1,"2":1,"3":1,"4":0,"5":0},"f":{"0":1},"b":{},"_coverageSchema":"1a1c01bbd47fc00a2c39e90264f33305004495a9","hash":"08c7a60d5566b529c3589508c767a9751b535670"}
,"C:\\Users\\kkita\\Documents\\GitHub\\SIGA\\backend\\src\\controllers\\documento.controller.js": {"path":"C:\\Users\\kkita\\Documents\\GitHub\\SIGA\\backend\\src\\controllers\\documento.controller.js","statementMap":{"0":{"start":{"line":5,"column":19},"end":{"line":5,"column":44}},"1":{"start":{"line":6,"column":16},"end":{"line":6,"column":48}},"2":{"start":{"line":9,"column":40},"end":{"line":34,"column":1}},"3":{"start":{"line":10,"column":2},"end":{"line":33,"column":3}},"4":{"start":{"line":11,"column":4},"end":{"line":16,"column":5}},"5":{"start":{"line":12,"column":6},"end":{"line":15,"column":9}},"6":{"start":{"line":19,"column":22},"end":{"line":22,"column":5}},"7":{"start":{"line":24,"column":4},"end":{"line":27,"column":7}},"8":{"start":{"line":29,"column":4},"end":{"line":32,"column":7}},"9":{"start":{"line":37,"column":42},"end":{"line":56,"column":1}},"10":{"start":{"line":38,"column":2},"end":{"line":55,"column":3}},"11":{"start":{"line":39,"column":37},"end":{"line":39,"column":46}},"12":{"start":{"line":42,"column":22},"end":{"line":42,"column":75}},"13":{"start":{"line":44,"column":4},"end":{"line":47,"column":7}},"14":{"start":{"line":49,"column":23},"end":{"line":49,"column":71}},"15":{"start":{"line":50,"column":4},"end":{"line":54,"column":7}}},"fnMap":{"0":{"name":"(anonymous_0)","decl":{"start":{"line":9,"column":40},"end":{"line":9,"column":41}},"loc":{"start":{"line":9,"column":60},"end":{"line":34,"column":1}},"line":9},"1":{"name":"(anonymous_1)","decl":{"start":{"line":37,"column":42},"end":{"line":37,"column":43}},"loc":{"start":{"line":37,"column":62},"end":{"line":56,"column":1}},"line":37}},"branchMap":{"0":{"loc":{"start":{"line":11,"column":4},"end":{"line":16,"column":5}},"type":"if","locations":[{"start":{"line":11,"column":4},"end":{"line":16,"column":5}},{"start":{},"end":{}}],"line":11},"1":{"loc":{"start":{"line":39,"column":12},"end":{"line":39,"column":20}},"type":"default-arg","locations":[{"start":{"line":39,"column":19},"end":{"line":39,"column":20}}],"line":39},"2":{"loc":{"start":{"line":39,"column":22},"end":{"line":39,"column":32}},"type":"default-arg","locations":[{"start":{"line":39,"column":30},"end":{"line":39,"column":32}}],"line":39},"3":{"loc":{"start":{"line":49,"column":23},"end":{"line":49,"column":71}},"type":"cond-expr","locations":[{"start":{"line":49,"column":62},"end":{"line":49,"column":65}},{"start":{"line":49,"column":68},"end":{"line":49,"column":71}}],"line":49},"4":{"loc":{"start":{"line":53,"column":8},"end":{"line":53,"column":73}},"type":"cond-expr","locations":[{"start":{"line":53,"column":29},"end":{"line":53,"column":42}},{"start":{"line":53,"column":45},"end":{"line":53,"column":73}}],"line":53}},"s":{"0":1,"1":1,"2":1,"3":2,"4":2,"5":1,"6":1,"7":1,"8":0,"9":1,"10":1,"11":1,"12":1,"13":1,"14":0,"15":0},"f":{"0":2,"1":1},"b":{"0":[1,1],"1":[0],"2":[0],"3":[0,0],"4":[0,0]},"_coverageSchema":"1a1c01bbd47fc00a2c39e90264f33305004495a9","hash":"5f2457a4dc1b5cf08dd28a543b89b0c51d0e259a"}
,"C:\\Users\\kkita\\Documents\\GitHub\\SIGA\\backend\\src\\controllers\\estudiante.controller.js": {"path":"C:\\Users\\kkita\\Documents\\GitHub\\SIGA\\backend\\src\\controllers\\estudiante.controller.js","statementMap":{"0":{"start":{"line":5,"column":45},"end":{"line":34,"column":1}},"1":{"start":{"line":6,"column":2},"end":{"line":33,"column":3}},"2":{"start":{"line":7,"column":16},"end":{"line":7,"column":49}},"3":{"start":{"line":9,"column":23},"end":{"line":9,"column":71}},"4":{"start":{"line":11,"column":4},"end":{"line":14,"column":7}},"5":{"start":{"line":16,"column":4},"end":{"line":20,"column":5}},"6":{"start":{"line":17,"column":6},"end":{"line":19,"column":9}},"7":{"start":{"line":22,"column":4},"end":{"line":26,"column":5}},"8":{"start":{"line":23,"column":6},"end":{"line":25,"column":9}},"9":{"start":{"line":28,"column":4},"end":{"line":28,"column":59}},"10":{"start":{"line":30,"column":4},"end":{"line":32,"column":7}},"11":{"start":{"line":37,"column":43},"end":{"line":52,"column":1}},"12":{"start":{"line":38,"column":2},"end":{"line":51,"column":3}},"13":{"start":{"line":39,"column":24},"end":{"line":39,"column":67}},"14":{"start":{"line":41,"column":4},"end":{"line":44,"column":7}},"15":{"start":{"line":46,"column":4},"end":{"line":46,"column":57}},"16":{"start":{"line":47,"column":4},"end":{"line":50,"column":7}},"17":{"start":{"line":55,"column":46},"end":{"line":70,"column":1}},"18":{"start":{"line":56,"column":2},"end":{"line":69,"column":3}},"19":{"start":{"line":57,"column":24},"end":{"line":57,"column":70}},"20":{"start":{"line":59,"column":4},"end":{"line":62,"column":7}},"21":{"start":{"line":64,"column":4},"end":{"line":64,"column":61}},"22":{"start":{"line":65,"column":4},"end":{"line":68,"column":7}},"23":{"start":{"line":72,"column":48},"end":{"line":102,"column":1}},"24":{"start":{"line":73,"column":2},"end":{"line":101,"column":3}},"25":{"start":{"line":74,"column":19},"end":{"line":74,"column":29}},"26":{"start":{"line":75,"column":23},"end":{"line":75,"column":73}},"27":{"start":{"line":77,"column":4},"end":{"line":80,"column":7}},"28":{"start":{"line":82,"column":4},"end":{"line":87,"column":5}},"29":{"start":{"line":83,"column":6},"end":{"line":86,"column":9}},"30":{"start":{"line":89,"column":4},"end":{"line":94,"column":5}},"31":{"start":{"line":90,"column":6},"end":{"line":93,"column":9}},"32":{"start":{"line":96,"column":4},"end":{"line":96,"column":57}},"33":{"start":{"line":97,"column":4},"end":{"line":100,"column":7}},"34":{"start":{"line":104,"column":46},"end":{"line":130,"column":1}},"35":{"start":{"line":105,"column":2},"end":{"line":129,"column":3}},"36":{"start":{"line":106,"column":19},"end":{"line":106,"column":29}},"37":{"start":{"line":107,"column":16},"end":{"line":107,"column":49}},"38":{"start":{"line":108,"column":23},"end":{"line":108,"column":76}},"39":{"start":{"line":110,"column":4},"end":{"line":113,"column":7}},"40":{"start":{"line":115,"column":4},"end":{"line":119,"column":5}},"41":{"start":{"line":116,"column":6},"end":{"line":118,"column":9}},"42":{"start":{"line":120,"column":4},"end":{"line":124,"column":5}},"43":{"start":{"line":121,"column":6},"end":{"line":123,"column":9}},"44":{"start":{"line":125,"column":4},"end":{"line":125,"column":60}},"45":{"start":{"line":126,"column":4},"end":{"line":128,"column":7}}},"fnMap":{"0":{"name":"(anonymous_0)","decl":{"start":{"line":5,"column":45},"end":{"line":5,"column":46}},"loc":{"start":{"line":5,"column":65},"end":{"line":34,"column":1}},"line":5},"1":{"name":"(anonymous_1)","decl":{"start":{"line":37,"column":43},"end":{"line":37,"column":44}},"loc":{"start":{"line":37,"column":63},"end":{"line":52,"column":1}},"line":37},"2":{"name":"(anonymous_2)","decl":{"start":{"line":55,"column":46},"end":{"line":55,"column":47}},"loc":{"start":{"line":55,"column":66},"end":{"line":70,"column":1}},"line":55},"3":{"name":"(anonymous_3)","decl":{"start":{"line":72,"column":48},"end":{"line":72,"column":49}},"loc":{"start":{"line":72,"column":68},"end":{"line":102,"column":1}},"line":72},"4":{"name":"(anonymous_4)","decl":{"start":{"line":104,"column":46},"end":{"line":104,"column":47}},"loc":{"start":{"line":104,"column":66},"end":{"line":130,"column":1}},"line":104}},"branchMap":{"0":{"loc":{"start":{"line":16,"column":4},"end":{"line":20,"column":5}},"type":"if","locations":[{"start":{"line":16,"column":4},"end":{"line":20,"column":5}},{"start":{},"end":{}}],"line":16},"1":{"loc":{"start":{"line":22,"column":4},"end":{"line":26,"column":5}},"type":"if","locations":[{"start":{"line":22,"column":4},"end":{"line":26,"column":5}},{"start":{},"end":{}}],"line":22},"2":{"loc":{"start":{"line":82,"column":4},"end":{"line":87,"column":5}},"type":"if","locations":[{"start":{"line":82,"column":4},"end":{"line":87,"column":5}},{"start":{},"end":{}}],"line":82},"3":{"loc":{"start":{"line":89,"column":4},"end":{"line":94,"column":5}},"type":"if","locations":[{"start":{"line":89,"column":4},"end":{"line":94,"column":5}},{"start":{},"end":{}}],"line":89},"4":{"loc":{"start":{"line":115,"column":4},"end":{"line":119,"column":5}},"type":"if","locations":[{"start":{"line":115,"column":4},"end":{"line":119,"column":5}},{"start":{},"end":{}}],"line":115},"5":{"loc":{"start":{"line":120,"column":4},"end":{"line":124,"column":5}},"type":"if","locations":[{"start":{"line":120,"column":4},"end":{"line":124,"column":5}},{"start":{},"end":{}}],"line":120}},"s":{"0":1,"1":1,"2":1,"3":1,"4":1,"5":0,"6":0,"7":0,"8":0,"9":0,"10":0,"11":1,"12":1,"13":1,"14":1,"15":0,"16":0,"17":1,"18":1,"19":1,"20":1,"21":0,"22":0,"23":1,"24":1,"25":1,"26":1,"27":0,"28":1,"29":0,"30":1,"31":1,"32":0,"33":0,"34":1,"35":1,"36":1,"37":1,"38":1,"39":1,"40":0,"41":0,"42":0,"43":0,"44":0,"45":0},"f":{"0":1,"1":1,"2":1,"3":1,"4":1},"b":{"0":[0,0],"1":[0,0],"2":[0,1],"3":[1,0],"4":[0,0],"5":[0,0]},"_coverageSchema":"1a1c01bbd47fc00a2c39e90264f33305004495a9","hash":"6e5cae3505895e3ff28c206138d6d8544568dedb"}
,"C:\\Users\\kkita\\Documents\\GitHub\\SIGA\\backend\\src\\controllers\\funcionario.controller.js": {"path":"C:\\Users\\kkita\\Documents\\GitHub\\SIGA\\backend\\src\\controllers\\funcionario.controller.js","statementMap":{"0":{"start":{"line":3,"column":45},"end":{"line":14,"column":1}},"1":{"start":{"line":4,"column":2},"end":{"line":13,"column":3}},"2":{"start":{"line":5,"column":26},"end":{"line":5,"column":72}},"3":{"start":{"line":7,"column":4},"end":{"line":7,"column":47}},"4":{"start":{"line":9,"column":4},"end":{"line":9,"column":59}},"5":{"start":{"line":10,"column":4},"end":{"line":12,"column":65}}},"fnMap":{"0":{"name":"(anonymous_0)","decl":{"start":{"line":3,"column":45},"end":{"line":3,"column":46}},"loc":{"start":{"line":3,"column":65},"end":{"line":14,"column":1}},"line":3}},"branchMap":{},"s":{"0":1,"1":1,"2":1,"3":1,"4":0,"5":0},"f":{"0":1},"b":{},"_coverageSchema":"1a1c01bbd47fc00a2c39e90264f33305004495a9","hash":"71103653a9a17b7848dd7ca5a2ebbf8c4f5d95ac"}
,"C:\\Users\\kkita\\Documents\\GitHub\\SIGA\\backend\\src\\controllers\\rol.controller.js": {"path":"C:\\Users\\kkita\\Documents\\GitHub\\SIGA\\backend\\src\\controllers\\rol.controller.js","statementMap":{"0":{"start":{"line":3,"column":37},"end":{"line":10,"column":1}},"1":{"start":{"line":4,"column":2},"end":{"line":9,"column":3}},"2":{"start":{"line":5,"column":18},"end":{"line":5,"column":37}},"3":{"start":{"line":6,"column":4},"end":{"line":6,"column":46}},"4":{"start":{"line":8,"column":4},"end":{"line":8,"column":62}}},"fnMap":{"0":{"name":"(anonymous_0)","decl":{"start":{"line":3,"column":37},"end":{"line":3,"column":38}},"loc":{"start":{"line":3,"column":57},"end":{"line":10,"column":1}},"line":3}},"branchMap":{},"s":{"0":1,"1":1,"2":1,"3":1,"4":0},"f":{"0":1},"b":{},"_coverageSchema":"1a1c01bbd47fc00a2c39e90264f33305004495a9","hash":"b025d34d89f9471d37cbb173f1df7bf76533d3d7"}
,"C:\\Users\\kkita\\Documents\\GitHub\\SIGA\\backend\\src\\controllers\\tipo-funcionario.controller.js": {"path":"C:\\Users\\kkita\\Documents\\GitHub\\SIGA\\backend\\src\\controllers\\tipo-funcionario.controller.js","statementMap":{"0":{"start":{"line":3,"column":16},"end":{"line":3,"column":44}},"1":{"start":{"line":5,"column":50},"end":{"line":15,"column":1}},"2":{"start":{"line":6,"column":2},"end":{"line":14,"column":3}},"3":{"start":{"line":7,"column":4},"end":{"line":7,"column":42}},"4":{"start":{"line":8,"column":4},"end":{"line":11,"column":7}},"5":{"start":{"line":13,"column":4},"end":{"line":13,"column":64}},"6":{"start":{"line":17,"column":48},"end":{"line":20,"column":1}},"7":{"start":{"line":18,"column":16},"end":{"line":18,"column":43}},"8":{"start":{"line":19,"column":2},"end":{"line":19,"column":18}},"9":{"start":{"line":22,"column":55},"end":{"line":29,"column":1}},"10":{"start":{"line":23,"column":2},"end":{"line":28,"column":3}},"11":{"start":{"line":24,"column":17},"end":{"line":24,"column":68}},"12":{"start":{"line":25,"column":4},"end":{"line":25,"column":19}},"13":{"start":{"line":27,"column":4},"end":{"line":27,"column":64}},"14":{"start":{"line":31,"column":51},"end":{"line":34,"column":1}},"15":{"start":{"line":32,"column":15},"end":{"line":32,"column":76}},"16":{"start":{"line":33,"column":2},"end":{"line":33,"column":17}},"17":{"start":{"line":36,"column":51},"end":{"line":42,"column":1}},"18":{"start":{"line":37,"column":2},"end":{"line":37,"column":54}},"19":{"start":{"line":38,"column":2},"end":{"line":41,"column":5}}},"fnMap":{"0":{"name":"(anonymous_0)","decl":{"start":{"line":5,"column":50},"end":{"line":5,"column":51}},"loc":{"start":{"line":5,"column":70},"end":{"line":15,"column":1}},"line":5},"1":{"name":"(anonymous_1)","decl":{"start":{"line":17,"column":48},"end":{"line":17,"column":49}},"loc":{"start":{"line":17,"column":68},"end":{"line":20,"column":1}},"line":17},"2":{"name":"(anonymous_2)","decl":{"start":{"line":22,"column":55},"end":{"line":22,"column":56}},"loc":{"start":{"line":22,"column":75},"end":{"line":29,"column":1}},"line":22},"3":{"name":"(anonymous_3)","decl":{"start":{"line":31,"column":51},"end":{"line":31,"column":52}},"loc":{"start":{"line":31,"column":71},"end":{"line":34,"column":1}},"line":31},"4":{"name":"(anonymous_4)","decl":{"start":{"line":36,"column":51},"end":{"line":36,"column":52}},"loc":{"start":{"line":36,"column":71},"end":{"line":42,"column":1}},"line":36}},"branchMap":{},"s":{"0":1,"1":1,"2":1,"3":1,"4":1,"5":0,"6":1,"7":1,"8":1,"9":1,"10":0,"11":0,"12":0,"13":0,"14":1,"15":0,"16":0,"17":1,"18":0,"19":0},"f":{"0":1,"1":1,"2":0,"3":0,"4":0},"b":{},"_coverageSchema":"1a1c01bbd47fc00a2c39e90264f33305004495a9","hash":"411b645733c94cddce484abfbb9c77dc97caecd9"}
,"C:\\Users\\kkita\\Documents\\GitHub\\SIGA\\backend\\src\\dto\\asignacion-pie.dto.js": {"path":"C:\\Users\\kkita\\Documents\\GitHub\\SIGA\\backend\\src\\dto\\asignacion-pie.dto.js","statementMap":{"0":{"start":{"line":1,"column":25},"end":{"line":5,"column":1}},"1":{"start":{"line":2,"column":17},"end":{"line":2,"column":66}},"2":{"start":{"line":4,"column":2},"end":{"line":4,"column":50}},"3":{"start":{"line":7,"column":44},"end":{"line":28,"column":1}},"4":{"start":{"line":8,"column":18},"end":{"line":8,"column":20}},"5":{"start":{"line":9,"column":23},"end":{"line":9,"column":61}},"6":{"start":{"line":10,"column":24},"end":{"line":10,"column":63}},"7":{"start":{"line":12,"column":2},"end":{"line":14,"column":3}},"8":{"start":{"line":13,"column":4},"end":{"line":13,"column":67}},"9":{"start":{"line":16,"column":2},"end":{"line":18,"column":3}},"10":{"start":{"line":17,"column":4},"end":{"line":17,"column":68}},"11":{"start":{"line":20,"column":2},"end":{"line":27,"column":4}}},"fnMap":{"0":{"name":"(anonymous_0)","decl":{"start":{"line":1,"column":25},"end":{"line":1,"column":26}},"loc":{"start":{"line":1,"column":36},"end":{"line":5,"column":1}},"line":1},"1":{"name":"(anonymous_1)","decl":{"start":{"line":7,"column":44},"end":{"line":7,"column":45}},"loc":{"start":{"line":7,"column":62},"end":{"line":28,"column":1}},"line":7}},"branchMap":{"0":{"loc":{"start":{"line":2,"column":17},"end":{"line":2,"column":66}},"type":"cond-expr","locations":[{"start":{"line":2,"column":45},"end":{"line":2,"column":58}},{"start":{"line":2,"column":61},"end":{"line":2,"column":66}}],"line":2},"1":{"loc":{"start":{"line":4,"column":9},"end":{"line":4,"column":49}},"type":"cond-expr","locations":[{"start":{"line":4,"column":36},"end":{"line":4,"column":42}},{"start":{"line":4,"column":45},"end":{"line":4,"column":49}}],"line":4},"2":{"loc":{"start":{"line":7,"column":45},"end":{"line":7,"column":57}},"type":"default-arg","locations":[{"start":{"line":7,"column":55},"end":{"line":7,"column":57}}],"line":7},"3":{"loc":{"start":{"line":12,"column":2},"end":{"line":14,"column":3}},"type":"if","locations":[{"start":{"line":12,"column":2},"end":{"line":14,"column":3}},{"start":{},"end":{}}],"line":12},"4":{"loc":{"start":{"line":16,"column":2},"end":{"line":18,"column":3}},"type":"if","locations":[{"start":{"line":16,"column":2},"end":{"line":18,"column":3}},{"start":{},"end":{}}],"line":16}},"s":{"0":2,"1":6,"2":6,"3":2,"4":3,"5":3,"6":3,"7":3,"8":1,"9":3,"10":1,"11":3},"f":{"0":6,"1":3},"b":{"0":[0,6],"1":[4,2],"2":[0],"3":[1,2],"4":[1,2]},"_coverageSchema":"1a1c01bbd47fc00a2c39e90264f33305004495a9","hash":"11011f77f812680396bd24f0f20a51730fe1f03d"}
,"C:\\Users\\kkita\\Documents\\GitHub\\SIGA\\backend\\src\\dto\\create-curso.dto.js": {"path":"C:\\Users\\kkita\\Documents\\GitHub\\SIGA\\backend\\src\\dto\\create-curso.dto.js","statementMap":{"0":{"start":{"line":3,"column":4},"end":{"line":3,"column":56}},"1":{"start":{"line":4,"column":4},"end":{"line":4,"column":48}},"2":{"start":{"line":5,"column":4},"end":{"line":5,"column":50}},"3":{"start":{"line":6,"column":4},"end":{"line":6,"column":60}},"4":{"start":{"line":8,"column":4},"end":{"line":8,"column":20}},"5":{"start":{"line":12,"column":4},"end":{"line":15,"column":8}},"6":{"start":{"line":13,"column":6},"end":{"line":15,"column":8}},"7":{"start":{"line":16,"column":4},"end":{"line":19,"column":8}},"8":{"start":{"line":17,"column":6},"end":{"line":19,"column":8}},"9":{"start":{"line":20,"column":4},"end":{"line":23,"column":8}},"10":{"start":{"line":21,"column":6},"end":{"line":23,"column":8}},"11":{"start":{"line":24,"column":4},"end":{"line":27,"column":8}},"12":{"start":{"line":25,"column":6},"end":{"line":27,"column":8}}},"fnMap":{"0":{"name":"(anonymous_0)","decl":{"start":{"line":2,"column":2},"end":{"line":2,"column":3}},"loc":{"start":{"line":2,"column":20},"end":{"line":9,"column":3}},"line":2},"1":{"name":"(anonymous_1)","decl":{"start":{"line":11,"column":2},"end":{"line":11,"column":3}},"loc":{"start":{"line":11,"column":13},"end":{"line":28,"column":3}},"line":11}},"branchMap":{"0":{"loc":{"start":{"line":6,"column":23},"end":{"line":6,"column":59}},"type":"binary-expr","locations":[{"start":{"line":6,"column":23},"end":{"line":6,"column":39}},{"start":{"line":6,"column":43},"end":{"line":6,"column":59}}],"line":6},"1":{"loc":{"start":{"line":12,"column":4},"end":{"line":15,"column":8}},"type":"if","locations":[{"start":{"line":12,"column":4},"end":{"line":15,"column":8}},{"start":{},"end":{}}],"line":12},"2":{"loc":{"start":{"line":16,"column":4},"end":{"line":19,"column":8}},"type":"if","locations":[{"start":{"line":16,"column":4},"end":{"line":19,"column":8}},{"start":{},"end":{}}],"line":16},"3":{"loc":{"start":{"line":20,"column":4},"end":{"line":23,"column":8}},"type":"if","locations":[{"start":{"line":20,"column":4},"end":{"line":23,"column":8}},{"start":{},"end":{}}],"line":20},"4":{"loc":{"start":{"line":24,"column":4},"end":{"line":27,"column":8}},"type":"if","locations":[{"start":{"line":24,"column":4},"end":{"line":27,"column":8}},{"start":{},"end":{}}],"line":24}},"s":{"0":1,"1":1,"2":1,"3":1,"4":1,"5":1,"6":0,"7":1,"8":0,"9":1,"10":0,"11":1,"12":0},"f":{"0":1,"1":1},"b":{"0":[1,0],"1":[0,1],"2":[0,1],"3":[0,1],"4":[0,1]},"_coverageSchema":"1a1c01bbd47fc00a2c39e90264f33305004495a9","hash":"2b2835bf69864d1740cd73203ef04e17c4bd4490"}
,"C:\\Users\\kkita\\Documents\\GitHub\\SIGA\\backend\\src\\dto\\create-estudiante.dto.js": {"path":"C:\\Users\\kkita\\Documents\\GitHub\\SIGA\\backend\\src\\dto\\create-estudiante.dto.js","statementMap":{"0":{"start":{"line":3,"column":4},"end":{"line":3,"column":32}},"1":{"start":{"line":4,"column":4},"end":{"line":4,"column":75}},"2":{"start":{"line":5,"column":4},"end":{"line":5,"column":62}},"3":{"start":{"line":7,"column":4},"end":{"line":7,"column":62}},"4":{"start":{"line":8,"column":4},"end":{"line":8,"column":66}},"5":{"start":{"line":10,"column":4},"end":{"line":10,"column":40}},"6":{"start":{"line":12,"column":4},"end":{"line":14,"column":13}},"7":{"start":{"line":16,"column":4},"end":{"line":18,"column":19}},"8":{"start":{"line":20,"column":4},"end":{"line":20,"column":56}},"9":{"start":{"line":24,"column":4},"end":{"line":24,"column":24}},"10":{"start":{"line":26,"column":4},"end":{"line":26,"column":20}},"11":{"start":{"line":30,"column":4},"end":{"line":32,"column":5}},"12":{"start":{"line":31,"column":6},"end":{"line":31,"column":68}},"13":{"start":{"line":34,"column":4},"end":{"line":36,"column":5}},"14":{"start":{"line":35,"column":6},"end":{"line":35,"column":77}},"15":{"start":{"line":38,"column":4},"end":{"line":40,"column":5}},"16":{"start":{"line":39,"column":6},"end":{"line":39,"column":65}},"17":{"start":{"line":42,"column":4},"end":{"line":44,"column":5}},"18":{"start":{"line":43,"column":6},"end":{"line":43,"column":67}},"19":{"start":{"line":46,"column":4},"end":{"line":50,"column":5}},"20":{"start":{"line":47,"column":6},"end":{"line":49,"column":8}},"21":{"start":{"line":52,"column":4},"end":{"line":54,"column":5}},"22":{"start":{"line":53,"column":6},"end":{"line":53,"column":66}}},"fnMap":{"0":{"name":"(anonymous_0)","decl":{"start":{"line":2,"column":2},"end":{"line":2,"column":3}},"loc":{"start":{"line":2,"column":20},"end":{"line":27,"column":3}},"line":2},"1":{"name":"(anonymous_1)","decl":{"start":{"line":29,"column":2},"end":{"line":29,"column":3}},"loc":{"start":{"line":29,"column":13},"end":{"line":55,"column":3}},"line":29}},"branchMap":{"0":{"loc":{"start":{"line":4,"column":25},"end":{"line":4,"column":74}},"type":"binary-expr","locations":[{"start":{"line":4,"column":25},"end":{"line":4,"column":44}},{"start":{"line":4,"column":48},"end":{"line":4,"column":74}}],"line":4},"1":{"loc":{"start":{"line":5,"column":26},"end":{"line":5,"column":61}},"type":"binary-expr","locations":[{"start":{"line":5,"column":26},"end":{"line":5,"column":53}},{"start":{"line":5,"column":57},"end":{"line":5,"column":61}}],"line":5},"2":{"loc":{"start":{"line":7,"column":27},"end":{"line":7,"column":61}},"type":"binary-expr","locations":[{"start":{"line":7,"column":27},"end":{"line":7,"column":55}},{"start":{"line":7,"column":59},"end":{"line":7,"column":61}}],"line":7},"3":{"loc":{"start":{"line":8,"column":28},"end":{"line":8,"column":65}},"type":"binary-expr","locations":[{"start":{"line":8,"column":28},"end":{"line":8,"column":57}},{"start":{"line":8,"column":61},"end":{"line":8,"column":65}}],"line":8},"4":{"loc":{"start":{"line":10,"column":16},"end":{"line":10,"column":39}},"type":"binary-expr","locations":[{"start":{"line":10,"column":16},"end":{"line":10,"column":33}},{"start":{"line":10,"column":37},"end":{"line":10,"column":39}}],"line":10},"5":{"loc":{"start":{"line":12,"column":28},"end":{"line":14,"column":12}},"type":"cond-expr","locations":[{"start":{"line":13,"column":8},"end":{"line":13,"column":39}},{"start":{"line":14,"column":8},"end":{"line":14,"column":12}}],"line":12},"6":{"loc":{"start":{"line":16,"column":25},"end":{"line":18,"column":18}},"type":"cond-expr","locations":[{"start":{"line":17,"column":8},"end":{"line":17,"column":36}},{"start":{"line":18,"column":8},"end":{"line":18,"column":18}}],"line":16},"7":{"loc":{"start":{"line":20,"column":27},"end":{"line":20,"column":54}},"type":"binary-expr","locations":[{"start":{"line":20,"column":27},"end":{"line":20,"column":37}},{"start":{"line":20,"column":41},"end":{"line":20,"column":54}}],"line":20},"8":{"loc":{"start":{"line":30,"column":4},"end":{"line":32,"column":5}},"type":"if","locations":[{"start":{"line":30,"column":4},"end":{"line":32,"column":5}},{"start":{},"end":{}}],"line":30},"9":{"loc":{"start":{"line":34,"column":4},"end":{"line":36,"column":5}},"type":"if","locations":[{"start":{"line":34,"column":4},"end":{"line":36,"column":5}},{"start":{},"end":{}}],"line":34},"10":{"loc":{"start":{"line":38,"column":4},"end":{"line":40,"column":5}},"type":"if","locations":[{"start":{"line":38,"column":4},"end":{"line":40,"column":5}},{"start":{},"end":{}}],"line":38},"11":{"loc":{"start":{"line":42,"column":4},"end":{"line":44,"column":5}},"type":"if","locations":[{"start":{"line":42,"column":4},"end":{"line":44,"column":5}},{"start":{},"end":{}}],"line":42},"12":{"loc":{"start":{"line":46,"column":4},"end":{"line":50,"column":5}},"type":"if","locations":[{"start":{"line":46,"column":4},"end":{"line":50,"column":5}},{"start":{},"end":{}}],"line":46},"13":{"loc":{"start":{"line":46,"column":8},"end":{"line":46,"column":72}},"type":"binary-expr","locations":[{"start":{"line":46,"column":8},"end":{"line":46,"column":30}},{"start":{"line":46,"column":34},"end":{"line":46,"column":72}}],"line":46},"14":{"loc":{"start":{"line":52,"column":4},"end":{"line":54,"column":5}},"type":"if","locations":[{"start":{"line":52,"column":4},"end":{"line":54,"column":5}},{"start":{},"end":{}}],"line":52}},"s":{"0":1,"1":1,"2":1,"3":1,"4":1,"5":1,"6":1,"7":1,"8":1,"9":1,"10":1,"11":1,"12":0,"13":1,"14":0,"15":1,"16":0,"17":1,"18":0,"19":1,"20":0,"21":1,"22":0},"f":{"0":1,"1":1},"b":{"0":[1,1],"1":[1,1],"2":[1,0],"3":[1,1],"4":[1,0],"5":[1,0],"6":[0,1],"7":[1,1],"8":[0,1],"9":[0,1],"10":[0,1],"11":[0,1],"12":[0,1],"13":[1,1],"14":[0,1]},"_coverageSchema":"1a1c01bbd47fc00a2c39e90264f33305004495a9","hash":"84ea5688ddf1d0f2a7b03cc2fcee269ab9aae2c0"}
,"C:\\Users\\kkita\\Documents\\GitHub\\SIGA\\backend\\src\\dto\\login.dto.js": {"path":"C:\\Users\\kkita\\Documents\\GitHub\\SIGA\\backend\\src\\dto\\login.dto.js","statementMap":{"0":{"start":{"line":4,"column":4},"end":{"line":4,"column":56}},"1":{"start":{"line":5,"column":4},"end":{"line":5,"column":40}},"2":{"start":{"line":7,"column":4},"end":{"line":7,"column":20}},"3":{"start":{"line":11,"column":4},"end":{"line":12,"column":67}},"4":{"start":{"line":12,"column":6},"end":{"line":12,"column":67}},"5":{"start":{"line":13,"column":4},"end":{"line":14,"column":72}},"6":{"start":{"line":14,"column":6},"end":{"line":14,"column":72}}},"fnMap":{"0":{"name":"(anonymous_0)","decl":{"start":{"line":2,"column":2},"end":{"line":2,"column":3}},"loc":{"start":{"line":2,"column":20},"end":{"line":8,"column":3}},"line":2},"1":{"name":"(anonymous_1)","decl":{"start":{"line":10,"column":2},"end":{"line":10,"column":3}},"loc":{"start":{"line":10,"column":13},"end":{"line":15,"column":3}},"line":10}},"branchMap":{"0":{"loc":{"start":{"line":4,"column":17},"end":{"line":4,"column":55}},"type":"binary-expr","locations":[{"start":{"line":4,"column":17},"end":{"line":4,"column":49}},{"start":{"line":4,"column":53},"end":{"line":4,"column":55}}],"line":4},"1":{"loc":{"start":{"line":5,"column":20},"end":{"line":5,"column":39}},"type":"binary-expr","locations":[{"start":{"line":5,"column":20},"end":{"line":5,"column":33}},{"start":{"line":5,"column":37},"end":{"line":5,"column":39}}],"line":5},"2":{"loc":{"start":{"line":11,"column":4},"end":{"line":12,"column":67}},"type":"if","locations":[{"start":{"line":11,"column":4},"end":{"line":12,"column":67}},{"start":{},"end":{}}],"line":11},"3":{"loc":{"start":{"line":13,"column":4},"end":{"line":14,"column":72}},"type":"if","locations":[{"start":{"line":13,"column":4},"end":{"line":14,"column":72}},{"start":{},"end":{}}],"line":13}},"s":{"0":1,"1":1,"2":1,"3":1,"4":0,"5":1,"6":0},"f":{"0":1,"1":1},"b":{"0":[1,0],"1":[1,0],"2":[0,1],"3":[0,1]},"_coverageSchema":"1a1c01bbd47fc00a2c39e90264f33305004495a9","hash":"ab7f172a462f53dfe960f359131959ff2c7ef53e"}
,"C:\\Users\\kkita\\Documents\\GitHub\\SIGA\\backend\\src\\dto\\register.dto.js": {"path":"C:\\Users\\kkita\\Documents\\GitHub\\SIGA\\backend\\src\\dto\\register.dto.js","statementMap":{"0":{"start":{"line":4,"column":4},"end":{"line":4,"column":44}},"1":{"start":{"line":5,"column":4},"end":{"line":5,"column":56}},"2":{"start":{"line":6,"column":4},"end":{"line":6,"column":40}},"3":{"start":{"line":7,"column":4},"end":{"line":7,"column":38}},"4":{"start":{"line":8,"column":4},"end":{"line":8,"column":32}},"5":{"start":{"line":10,"column":4},"end":{"line":10,"column":20}},"6":{"start":{"line":14,"column":4},"end":{"line":15,"column":68}},"7":{"start":{"line":15,"column":6},"end":{"line":15,"column":68}},"8":{"start":{"line":16,"column":4},"end":{"line":17,"column":67}},"9":{"start":{"line":17,"column":6},"end":{"line":17,"column":67}},"10":{"start":{"line":20,"column":23},"end":{"line":20,"column":51}},"11":{"start":{"line":21,"column":4},"end":{"line":22,"column":77}},"12":{"start":{"line":22,"column":6},"end":{"line":22,"column":77}},"13":{"start":{"line":24,"column":4},"end":{"line":25,"column":72}},"14":{"start":{"line":25,"column":6},"end":{"line":25,"column":72}},"15":{"start":{"line":26,"column":4},"end":{"line":26,"column":78}},"16":{"start":{"line":26,"column":19},"end":{"line":26,"column":78}}},"fnMap":{"0":{"name":"(anonymous_0)","decl":{"start":{"line":2,"column":2},"end":{"line":2,"column":3}},"loc":{"start":{"line":2,"column":20},"end":{"line":11,"column":3}},"line":2},"1":{"name":"(anonymous_1)","decl":{"start":{"line":13,"column":2},"end":{"line":13,"column":3}},"loc":{"start":{"line":13,"column":13},"end":{"line":27,"column":3}},"line":13}},"branchMap":{"0":{"loc":{"start":{"line":4,"column":18},"end":{"line":4,"column":43}},"type":"binary-expr","locations":[{"start":{"line":4,"column":18},"end":{"line":4,"column":37}},{"start":{"line":4,"column":41},"end":{"line":4,"column":43}}],"line":4},"1":{"loc":{"start":{"line":5,"column":17},"end":{"line":5,"column":55}},"type":"binary-expr","locations":[{"start":{"line":5,"column":17},"end":{"line":5,"column":49}},{"start":{"line":5,"column":53},"end":{"line":5,"column":55}}],"line":5},"2":{"loc":{"start":{"line":6,"column":20},"end":{"line":6,"column":39}},"type":"binary-expr","locations":[{"start":{"line":6,"column":20},"end":{"line":6,"column":33}},{"start":{"line":6,"column":37},"end":{"line":6,"column":39}}],"line":6},"3":{"loc":{"start":{"line":7,"column":15},"end":{"line":7,"column":37}},"type":"binary-expr","locations":[{"start":{"line":7,"column":15},"end":{"line":7,"column":31}},{"start":{"line":7,"column":35},"end":{"line":7,"column":37}}],"line":7},"4":{"loc":{"start":{"line":14,"column":4},"end":{"line":15,"column":68}},"type":"if","locations":[{"start":{"line":14,"column":4},"end":{"line":15,"column":68}},{"start":{},"end":{}}],"line":14},"5":{"loc":{"start":{"line":16,"column":4},"end":{"line":17,"column":67}},"type":"if","locations":[{"start":{"line":16,"column":4},"end":{"line":17,"column":67}},{"start":{},"end":{}}],"line":16},"6":{"loc":{"start":{"line":21,"column":4},"end":{"line":22,"column":77}},"type":"if","locations":[{"start":{"line":21,"column":4},"end":{"line":22,"column":77}},{"start":{},"end":{}}],"line":21},"7":{"loc":{"start":{"line":24,"column":4},"end":{"line":25,"column":72}},"type":"if","locations":[{"start":{"line":24,"column":4},"end":{"line":25,"column":72}},{"start":{},"end":{}}],"line":24},"8":{"loc":{"start":{"line":26,"column":4},"end":{"line":26,"column":78}},"type":"if","locations":[{"start":{"line":26,"column":4},"end":{"line":26,"column":78}},{"start":{},"end":{}}],"line":26}},"s":{"0":1,"1":1,"2":1,"3":1,"4":1,"5":1,"6":1,"7":0,"8":1,"9":0,"10":1,"11":1,"12":0,"13":1,"14":0,"15":1,"16":0},"f":{"0":1,"1":1},"b":{"0":[1,0],"1":[1,0],"2":[1,0],"3":[1,0],"4":[0,1],"5":[0,1],"6":[0,1],"7":[0,1],"8":[0,1]},"_coverageSchema":"1a1c01bbd47fc00a2c39e90264f33305004495a9","hash":"79a5bce4c47370214d4ee0fc726dee02dd0fc887"}
,"C:\\Users\\kkita\\Documents\\GitHub\\SIGA\\backend\\src\\dto\\update-estudiante.dto.js": {"path":"C:\\Users\\kkita\\Documents\\GitHub\\SIGA\\backend\\src\\dto\\update-estudiante.dto.js","statementMap":{"0":{"start":{"line":3,"column":4},"end":{"line":3,"column":44}},"1":{"start":{"line":4,"column":4},"end":{"line":4,"column":46}},"2":{"start":{"line":5,"column":4},"end":{"line":5,"column":48}},"3":{"start":{"line":6,"column":4},"end":{"line":6,"column":50}},"4":{"start":{"line":7,"column":4},"end":{"line":7,"column":26}},"5":{"start":{"line":8,"column":4},"end":{"line":8,"column":50}},"6":{"start":{"line":9,"column":4},"end":{"line":9,"column":44}},"7":{"start":{"line":10,"column":4},"end":{"line":10,"column":34}},"8":{"start":{"line":11,"column":4},"end":{"line":11,"column":30}},"9":{"start":{"line":13,"column":4},"end":{"line":13,"column":20}},"10":{"start":{"line":17,"column":4},"end":{"line":19,"column":5}},"11":{"start":{"line":18,"column":6},"end":{"line":18,"column":73}},"12":{"start":{"line":20,"column":4},"end":{"line":22,"column":5}},"13":{"start":{"line":21,"column":6},"end":{"line":21,"column":75}},"14":{"start":{"line":23,"column":4},"end":{"line":25,"column":5}},"15":{"start":{"line":24,"column":6},"end":{"line":24,"column":64}},"16":{"start":{"line":26,"column":4},"end":{"line":28,"column":5}},"17":{"start":{"line":27,"column":6},"end":{"line":27,"column":69}},"18":{"start":{"line":29,"column":4},"end":{"line":31,"column":5}},"19":{"start":{"line":30,"column":6},"end":{"line":30,"column":66}},"20":{"start":{"line":32,"column":4},"end":{"line":34,"column":5}},"21":{"start":{"line":33,"column":6},"end":{"line":33,"column":68}},"22":{"start":{"line":35,"column":4},"end":{"line":37,"column":5}},"23":{"start":{"line":36,"column":6},"end":{"line":36,"column":67}}},"fnMap":{"0":{"name":"(anonymous_0)","decl":{"start":{"line":2,"column":2},"end":{"line":2,"column":3}},"loc":{"start":{"line":2,"column":20},"end":{"line":14,"column":3}},"line":2},"1":{"name":"(anonymous_1)","decl":{"start":{"line":16,"column":2},"end":{"line":16,"column":3}},"loc":{"start":{"line":16,"column":13},"end":{"line":38,"column":3}},"line":16}},"branchMap":{"0":{"loc":{"start":{"line":17,"column":4},"end":{"line":19,"column":5}},"type":"if","locations":[{"start":{"line":17,"column":4},"end":{"line":19,"column":5}},{"start":{},"end":{}}],"line":17},"1":{"loc":{"start":{"line":17,"column":8},"end":{"line":17,"column":68}},"type":"binary-expr","locations":[{"start":{"line":17,"column":8},"end":{"line":17,"column":26}},{"start":{"line":17,"column":30},"end":{"line":17,"column":68}}],"line":17},"2":{"loc":{"start":{"line":20,"column":4},"end":{"line":22,"column":5}},"type":"if","locations":[{"start":{"line":20,"column":4},"end":{"line":22,"column":5}},{"start":{},"end":{}}],"line":20},"3":{"loc":{"start":{"line":20,"column":8},"end":{"line":20,"column":72}},"type":"binary-expr","locations":[{"start":{"line":20,"column":8},"end":{"line":20,"column":28}},{"start":{"line":20,"column":32},"end":{"line":20,"column":72}}],"line":20},"4":{"loc":{"start":{"line":23,"column":4},"end":{"line":25,"column":5}},"type":"if","locations":[{"start":{"line":23,"column":4},"end":{"line":25,"column":5}},{"start":{},"end":{}}],"line":23},"5":{"loc":{"start":{"line":23,"column":8},"end":{"line":23,"column":50}},"type":"binary-expr","locations":[{"start":{"line":23,"column":8},"end":{"line":23,"column":17}},{"start":{"line":23,"column":21},"end":{"line":23,"column":50}}],"line":23},"6":{"loc":{"start":{"line":26,"column":4},"end":{"line":28,"column":5}},"type":"if","locations":[{"start":{"line":26,"column":4},"end":{"line":28,"column":5}},{"start":{},"end":{}}],"line":26},"7":{"loc":{"start":{"line":26,"column":8},"end":{"line":26,"column":73}},"type":"binary-expr","locations":[{"start":{"line":26,"column":8},"end":{"line":26,"column":29}},{"start":{"line":26,"column":33},"end":{"line":26,"column":73}}],"line":26},"8":{"loc":{"start":{"line":29,"column":4},"end":{"line":31,"column":5}},"type":"if","locations":[{"start":{"line":29,"column":4},"end":{"line":31,"column":5}},{"start":{},"end":{}}],"line":29},"9":{"loc":{"start":{"line":29,"column":8},"end":{"line":29,"column":67}},"type":"binary-expr","locations":[{"start":{"line":29,"column":8},"end":{"line":29,"column":26}},{"start":{"line":29,"column":30},"end":{"line":29,"column":67}}],"line":29},"10":{"loc":{"start":{"line":32,"column":4},"end":{"line":34,"column":5}},"type":"if","locations":[{"start":{"line":32,"column":4},"end":{"line":34,"column":5}},{"start":{},"end":{}}],"line":32},"11":{"loc":{"start":{"line":32,"column":8},"end":{"line":32,"column":65}},"type":"binary-expr","locations":[{"start":{"line":32,"column":8},"end":{"line":32,"column":21}},{"start":{"line":32,"column":25},"end":{"line":32,"column":65}}],"line":32},"12":{"loc":{"start":{"line":35,"column":4},"end":{"line":37,"column":5}},"type":"if","locations":[{"start":{"line":35,"column":4},"end":{"line":37,"column":5}},{"start":{},"end":{}}],"line":35},"13":{"loc":{"start":{"line":35,"column":8},"end":{"line":35,"column":69}},"type":"binary-expr","locations":[{"start":{"line":35,"column":8},"end":{"line":35,"column":33}},{"start":{"line":35,"column":37},"end":{"line":35,"column":69}}],"line":35}},"s":{"0":1,"1":1,"2":1,"3":1,"4":1,"5":1,"6":1,"7":1,"8":1,"9":1,"10":1,"11":0,"12":1,"13":0,"14":1,"15":0,"16":1,"17":0,"18":1,"19":0,"20":1,"21":0,"22":1,"23":0},"f":{"0":1,"1":1},"b":{"0":[0,1],"1":[1,0],"2":[0,1],"3":[1,0],"4":[0,1],"5":[1,0],"6":[0,1],"7":[1,0],"8":[0,1],"9":[1,0],"10":[0,1],"11":[1,0],"12":[0,1],"13":[1,0]},"_coverageSchema":"1a1c01bbd47fc00a2c39e90264f33305004495a9","hash":"dc8ea908610817073e22b355db1a0bb6c4df2fe6"}
,"C:\\Users\\kkita\\Documents\\GitHub\\SIGA\\backend\\src\\events\\eventBus.js": {"path":"C:\\Users\\kkita\\Documents\\GitHub\\SIGA\\backend\\src\\events\\eventBus.js","statementMap":{"0":{"start":{"line":3,"column":24},"end":{"line":3,"column":42}}},"fnMap":{},"branchMap":{},"s":{"0":2},"f":{},"b":{},"_coverageSchema":"1a1c01bbd47fc00a2c39e90264f33305004495a9","hash":"e76d8d73add092d57538da4b09992a80f4c42d2d"}
,"C:\\Users\\kkita\\Documents\\GitHub\\SIGA\\backend\\src\\middleware\\auth.js": {"path":"C:\\Users\\kkita\\Documents\\GitHub\\SIGA\\backend\\src\\middleware\\auth.js","statementMap":{"0":{"start":{"line":3,"column":30},"end":{"line":22,"column":1}},"1":{"start":{"line":4,"column":21},"end":{"line":4,"column":46}},"2":{"start":{"line":6,"column":2},"end":{"line":6,"column":75}},"3":{"start":{"line":6,"column":19},"end":{"line":6,"column":75}},"4":{"start":{"line":8,"column":16},"end":{"line":10,"column":16}},"5":{"start":{"line":12,"column":2},"end":{"line":21,"column":3}},"6":{"start":{"line":13,"column":20},"end":{"line":16,"column":5}},"7":{"start":{"line":17,"column":4},"end":{"line":17,"column":23}},"8":{"start":{"line":18,"column":4},"end":{"line":18,"column":11}},"9":{"start":{"line":20,"column":4},"end":{"line":20,"column":54}}},"fnMap":{"0":{"name":"(anonymous_0)","decl":{"start":{"line":3,"column":30},"end":{"line":3,"column":31}},"loc":{"start":{"line":3,"column":50},"end":{"line":22,"column":1}},"line":3}},"branchMap":{"0":{"loc":{"start":{"line":6,"column":2},"end":{"line":6,"column":75}},"type":"if","locations":[{"start":{"line":6,"column":2},"end":{"line":6,"column":75}},{"start":{},"end":{}}],"line":6},"1":{"loc":{"start":{"line":8,"column":16},"end":{"line":10,"column":16}},"type":"cond-expr","locations":[{"start":{"line":9,"column":6},"end":{"line":9,"column":25}},{"start":{"line":10,"column":6},"end":{"line":10,"column":16}}],"line":8},"2":{"loc":{"start":{"line":15,"column":6},"end":{"line":15,"column":52}},"type":"binary-expr","locations":[{"start":{"line":15,"column":6},"end":{"line":15,"column":28}},{"start":{"line":15,"column":32},"end":{"line":15,"column":52}}],"line":15}},"s":{"0":1,"1":3,"2":3,"3":1,"4":2,"5":2,"6":2,"7":1,"8":1,"9":1},"f":{"0":3},"b":{"0":[1,2],"1":[2,0],"2":[2,0]},"_coverageSchema":"1a1c01bbd47fc00a2c39e90264f33305004495a9","hash":"12ff84320795c4c1e840f3c0da5e5719803a0b0c"}
,"C:\\Users\\kkita\\Documents\\GitHub\\SIGA\\backend\\src\\repositories\\asignacion-pie.repository.js": {"path":"C:\\Users\\kkita\\Documents\\GitHub\\SIGA\\backend\\src\\repositories\\asignacion-pie.repository.js","statementMap":{"0":{"start":{"line":5,"column":4},"end":{"line":11,"column":7}},"1":{"start":{"line":15,"column":4},"end":{"line":20,"column":7}},"2":{"start":{"line":24,"column":4},"end":{"line":29,"column":7}},"3":{"start":{"line":33,"column":4},"end":{"line":38,"column":7}},"4":{"start":{"line":42,"column":4},"end":{"line":48,"column":7}},"5":{"start":{"line":52,"column":4},"end":{"line":54,"column":7}}},"fnMap":{"0":{"name":"(anonymous_0)","decl":{"start":{"line":4,"column":2},"end":{"line":4,"column":3}},"loc":{"start":{"line":4,"column":55},"end":{"line":12,"column":3}},"line":4},"1":{"name":"(anonymous_1)","decl":{"start":{"line":14,"column":2},"end":{"line":14,"column":3}},"loc":{"start":{"line":14,"column":78},"end":{"line":21,"column":3}},"line":14},"2":{"name":"(anonymous_2)","decl":{"start":{"line":23,"column":2},"end":{"line":23,"column":3}},"loc":{"start":{"line":23,"column":61},"end":{"line":30,"column":3}},"line":23},"3":{"name":"(anonymous_3)","decl":{"start":{"line":32,"column":2},"end":{"line":32,"column":3}},"loc":{"start":{"line":32,"column":29},"end":{"line":39,"column":3}},"line":32},"4":{"name":"(anonymous_4)","decl":{"start":{"line":41,"column":2},"end":{"line":41,"column":3}},"loc":{"start":{"line":41,"column":44},"end":{"line":49,"column":3}},"line":41},"5":{"name":"(anonymous_5)","decl":{"start":{"line":51,"column":2},"end":{"line":51,"column":3}},"loc":{"start":{"line":51,"column":45},"end":{"line":55,"column":3}},"line":51}},"branchMap":{"0":{"loc":{"start":{"line":4,"column":42},"end":{"line":4,"column":53}},"type":"default-arg","locations":[{"start":{"line":4,"column":47},"end":{"line":4,"column":53}}],"line":4},"1":{"loc":{"start":{"line":14,"column":65},"end":{"line":14,"column":76}},"type":"default-arg","locations":[{"start":{"line":14,"column":70},"end":{"line":14,"column":76}}],"line":14},"2":{"loc":{"start":{"line":23,"column":48},"end":{"line":23,"column":59}},"type":"default-arg","locations":[{"start":{"line":23,"column":53},"end":{"line":23,"column":59}}],"line":23},"3":{"loc":{"start":{"line":32,"column":16},"end":{"line":32,"column":27}},"type":"default-arg","locations":[{"start":{"line":32,"column":21},"end":{"line":32,"column":27}}],"line":32},"4":{"loc":{"start":{"line":41,"column":31},"end":{"line":41,"column":42}},"type":"default-arg","locations":[{"start":{"line":41,"column":36},"end":{"line":41,"column":42}}],"line":41},"5":{"loc":{"start":{"line":51,"column":32},"end":{"line":51,"column":43}},"type":"default-arg","locations":[{"start":{"line":51,"column":37},"end":{"line":51,"column":43}}],"line":51}},"s":{"0":1,"1":0,"2":1,"3":1,"4":1,"5":1},"f":{"0":1,"1":0,"2":1,"3":1,"4":1,"5":1},"b":{"0":[0],"1":[0],"2":[0],"3":[0],"4":[0],"5":[0]},"_coverageSchema":"1a1c01bbd47fc00a2c39e90264f33305004495a9","hash":"6bfaaa396966a3699059e89a3d68c6e342a93f1d"}
,"C:\\Users\\kkita\\Documents\\GitHub\\SIGA\\backend\\src\\repositories\\auth.repository.js": {"path":"C:\\Users\\kkita\\Documents\\GitHub\\SIGA\\backend\\src\\repositories\\auth.repository.js","statementMap":{"0":{"start":{"line":12,"column":4},"end":{"line":28,"column":7}},"1":{"start":{"line":32,"column":4},"end":{"line":41,"column":7}}},"fnMap":{"0":{"name":"(anonymous_0)","decl":{"start":{"line":5,"column":2},"end":{"line":5,"column":3}},"loc":{"start":{"line":11,"column":5},"end":{"line":29,"column":3}},"line":11},"1":{"name":"(anonymous_1)","decl":{"start":{"line":31,"column":2},"end":{"line":31,"column":3}},"loc":{"start":{"line":31,"column":33},"end":{"line":42,"column":3}},"line":31}},"branchMap":{},"s":{"0":1,"1":1},"f":{"0":1,"1":1},"b":{},"_coverageSchema":"1a1c01bbd47fc00a2c39e90264f33305004495a9","hash":"d734b0d81d72f9b6a631b9fce9cfcd899cfae11c"}
,"C:\\Users\\kkita\\Documents\\GitHub\\SIGA\\backend\\src\\repositories\\curso.repository.js": {"path":"C:\\Users\\kkita\\Documents\\GitHub\\SIGA\\backend\\src\\repositories\\curso.repository.js","statementMap":{"0":{"start":{"line":5,"column":4},"end":{"line":11,"column":7}},"1":{"start":{"line":15,"column":4},"end":{"line":28,"column":7}},"2":{"start":{"line":32,"column":4},"end":{"line":39,"column":7}}},"fnMap":{"0":{"name":"(anonymous_0)","decl":{"start":{"line":4,"column":2},"end":{"line":4,"column":3}},"loc":{"start":{"line":4,"column":67},"end":{"line":12,"column":3}},"line":4},"1":{"name":"(anonymous_1)","decl":{"start":{"line":14,"column":2},"end":{"line":14,"column":3}},"loc":{"start":{"line":14,"column":25},"end":{"line":29,"column":3}},"line":14},"2":{"name":"(anonymous_2)","decl":{"start":{"line":31,"column":2},"end":{"line":31,"column":3}},"loc":{"start":{"line":31,"column":28},"end":{"line":40,"column":3}},"line":31}},"branchMap":{},"s":{"0":1,"1":1,"2":1},"f":{"0":1,"1":1,"2":1},"b":{},"_coverageSchema":"1a1c01bbd47fc00a2c39e90264f33305004495a9","hash":"7a9c3a5a24590d39dd2fa2c9134272c10c793986"}
,"C:\\Users\\kkita\\Documents\\GitHub\\SIGA\\backend\\src\\repositories\\documento.repository.js": {"path":"C:\\Users\\kkita\\Documents\\GitHub\\SIGA\\backend\\src\\repositories\\documento.repository.js","statementMap":{"0":{"start":{"line":6,"column":4},"end":{"line":8,"column":7}},"1":{"start":{"line":13,"column":32},"end":{"line":21,"column":6}},"2":{"start":{"line":23,"column":4},"end":{"line":23,"column":33}}},"fnMap":{"0":{"name":"(anonymous_0)","decl":{"start":{"line":5,"column":2},"end":{"line":5,"column":3}},"loc":{"start":{"line":5,"column":29},"end":{"line":9,"column":3}},"line":5},"1":{"name":"(anonymous_1)","decl":{"start":{"line":12,"column":2},"end":{"line":12,"column":3}},"loc":{"start":{"line":12,"column":37},"end":{"line":24,"column":3}},"line":12}},"branchMap":{},"s":{"0":1,"1":1,"2":1},"f":{"0":1,"1":1},"b":{},"_coverageSchema":"1a1c01bbd47fc00a2c39e90264f33305004495a9","hash":"e1de6a7aa96436944cb7b1fc9227e8c0744fb402"}
,"C:\\Users\\kkita\\Documents\\GitHub\\SIGA\\backend\\src\\repositories\\estudiante.repository.js": {"path":"C:\\Users\\kkita\\Documents\\GitHub\\SIGA\\backend\\src\\repositories\\estudiante.repository.js","statementMap":{"0":{"start":{"line":5,"column":4},"end":{"line":7,"column":7}},"1":{"start":{"line":11,"column":4},"end":{"line":24,"column":7}},"2":{"start":{"line":28,"column":4},"end":{"line":30,"column":7}},"3":{"start":{"line":34,"column":4},"end":{"line":37,"column":7}},"4":{"start":{"line":41,"column":4},"end":{"line":50,"column":7}},"5":{"start":{"line":54,"column":4},"end":{"line":61,"column":7}},"6":{"start":{"line":65,"column":4},"end":{"line":70,"column":7}}},"fnMap":{"0":{"name":"(anonymous_0)","decl":{"start":{"line":4,"column":2},"end":{"line":4,"column":3}},"loc":{"start":{"line":4,"column":30},"end":{"line":8,"column":3}},"line":4},"1":{"name":"(anonymous_1)","decl":{"start":{"line":10,"column":2},"end":{"line":10,"column":3}},"loc":{"start":{"line":10,"column":28},"end":{"line":25,"column":3}},"line":10},"2":{"name":"(anonymous_2)","decl":{"start":{"line":27,"column":2},"end":{"line":27,"column":3}},"loc":{"start":{"line":27,"column":25},"end":{"line":31,"column":3}},"line":27},"3":{"name":"(anonymous_3)","decl":{"start":{"line":33,"column":2},"end":{"line":33,"column":3}},"loc":{"start":{"line":33,"column":28},"end":{"line":38,"column":3}},"line":33},"4":{"name":"(anonymous_4)","decl":{"start":{"line":40,"column":2},"end":{"line":40,"column":3}},"loc":{"start":{"line":40,"column":51},"end":{"line":51,"column":3}},"line":40},"5":{"name":"(anonymous_5)","decl":{"start":{"line":53,"column":2},"end":{"line":53,"column":3}},"loc":{"start":{"line":53,"column":65},"end":{"line":62,"column":3}},"line":53},"6":{"name":"(anonymous_6)","decl":{"start":{"line":64,"column":2},"end":{"line":64,"column":3}},"loc":{"start":{"line":64,"column":55},"end":{"line":71,"column":3}},"line":64}},"branchMap":{"0":{"loc":{"start":{"line":22,"column":16},"end":{"line":22,"column":36}},"type":"binary-expr","locations":[{"start":{"line":22,"column":16},"end":{"line":22,"column":27}},{"start":{"line":22,"column":31},"end":{"line":22,"column":36}}],"line":22},"1":{"loc":{"start":{"line":40,"column":38},"end":{"line":40,"column":49}},"type":"default-arg","locations":[{"start":{"line":40,"column":43},"end":{"line":40,"column":49}}],"line":40},"2":{"loc":{"start":{"line":53,"column":52},"end":{"line":53,"column":63}},"type":"default-arg","locations":[{"start":{"line":53,"column":57},"end":{"line":53,"column":63}}],"line":53},"3":{"loc":{"start":{"line":64,"column":42},"end":{"line":64,"column":53}},"type":"default-arg","locations":[{"start":{"line":64,"column":47},"end":{"line":64,"column":53}}],"line":64}},"s":{"0":1,"1":1,"2":1,"3":1,"4":1,"5":1,"6":1},"f":{"0":1,"1":1,"2":1,"3":1,"4":1,"5":1,"6":1},"b":{"0":[1,1],"1":[0],"2":[0],"3":[0]},"_coverageSchema":"1a1c01bbd47fc00a2c39e90264f33305004495a9","hash":"9d8c99635ef2f45588dc482ecf61d7b9e11c037d"}
,"C:\\Users\\kkita\\Documents\\GitHub\\SIGA\\backend\\src\\repositories\\funcionario.repository.js": {"path":"C:\\Users\\kkita\\Documents\\GitHub\\SIGA\\backend\\src\\repositories\\funcionario.repository.js","statementMap":{"0":{"start":{"line":5,"column":4},"end":{"line":10,"column":7}},"1":{"start":{"line":14,"column":4},"end":{"line":28,"column":7}}},"fnMap":{"0":{"name":"(anonymous_0)","decl":{"start":{"line":4,"column":2},"end":{"line":4,"column":3}},"loc":{"start":{"line":4,"column":58},"end":{"line":11,"column":3}},"line":4},"1":{"name":"(anonymous_1)","decl":{"start":{"line":13,"column":2},"end":{"line":13,"column":3}},"loc":{"start":{"line":13,"column":37},"end":{"line":29,"column":3}},"line":13}},"branchMap":{"0":{"loc":{"start":{"line":4,"column":45},"end":{"line":4,"column":56}},"type":"default-arg","locations":[{"start":{"line":4,"column":50},"end":{"line":4,"column":56}}],"line":4}},"s":{"0":1,"1":1},"f":{"0":1,"1":1},"b":{"0":[0]},"_coverageSchema":"1a1c01bbd47fc00a2c39e90264f33305004495a9","hash":"7df4e6acc09e983d79ee8278d8e6890679058523"}
,"C:\\Users\\kkita\\Documents\\GitHub\\SIGA\\backend\\src\\repositories\\rol.repository.js": {"path":"C:\\Users\\kkita\\Documents\\GitHub\\SIGA\\backend\\src\\repositories\\rol.repository.js","statementMap":{"0":{"start":{"line":6,"column":4},"end":{"line":6,"column":33}},"1":{"start":{"line":10,"column":4},"end":{"line":15,"column":7}}},"fnMap":{"0":{"name":"(anonymous_0)","decl":{"start":{"line":5,"column":2},"end":{"line":5,"column":3}},"loc":{"start":{"line":5,"column":23},"end":{"line":7,"column":3}},"line":5},"1":{"name":"(anonymous_1)","decl":{"start":{"line":9,"column":2},"end":{"line":9,"column":3}},"loc":{"start":{"line":9,"column":46},"end":{"line":16,"column":3}},"line":9}},"branchMap":{},"s":{"0":1,"1":1},"f":{"0":1,"1":1},"b":{},"_coverageSchema":"1a1c01bbd47fc00a2c39e90264f33305004495a9","hash":"3b33b257c24f65ed01b91b1cae0a958992f5d708"}
,"C:\\Users\\kkita\\Documents\\GitHub\\SIGA\\backend\\src\\repositories\\tipo-funcionario.repository.js": {"path":"C:\\Users\\kkita\\Documents\\GitHub\\SIGA\\backend\\src\\repositories\\tipo-funcionario.repository.js","statementMap":{"0":{"start":{"line":5,"column":4},"end":{"line":5,"column":51}},"1":{"start":{"line":9,"column":4},"end":{"line":9,"column":45}},"2":{"start":{"line":13,"column":4},"end":{"line":15,"column":7}},"3":{"start":{"line":19,"column":4},"end":{"line":22,"column":7}},"4":{"start":{"line":26,"column":4},"end":{"line":29,"column":7}},"5":{"start":{"line":33,"column":4},"end":{"line":33,"column":68}}},"fnMap":{"0":{"name":"(anonymous_0)","decl":{"start":{"line":4,"column":2},"end":{"line":4,"column":3}},"loc":{"start":{"line":4,"column":20},"end":{"line":6,"column":3}},"line":4},"1":{"name":"(anonymous_1)","decl":{"start":{"line":8,"column":2},"end":{"line":8,"column":3}},"loc":{"start":{"line":8,"column":17},"end":{"line":10,"column":3}},"line":8},"2":{"name":"(anonymous_2)","decl":{"start":{"line":12,"column":2},"end":{"line":12,"column":3}},"loc":{"start":{"line":12,"column":25},"end":{"line":16,"column":3}},"line":12},"3":{"name":"(anonymous_3)","decl":{"start":{"line":18,"column":2},"end":{"line":18,"column":3}},"loc":{"start":{"line":18,"column":29},"end":{"line":23,"column":3}},"line":18},"4":{"name":"(anonymous_4)","decl":{"start":{"line":25,"column":2},"end":{"line":25,"column":3}},"loc":{"start":{"line":25,"column":23},"end":{"line":30,"column":3}},"line":25},"5":{"name":"(anonymous_5)","decl":{"start":{"line":32,"column":2},"end":{"line":32,"column":3}},"loc":{"start":{"line":32,"column":32},"end":{"line":34,"column":3}},"line":32}},"branchMap":{},"s":{"0":1,"1":1,"2":1,"3":1,"4":1,"5":1},"f":{"0":1,"1":1,"2":1,"3":1,"4":1,"5":1},"b":{},"_coverageSchema":"1a1c01bbd47fc00a2c39e90264f33305004495a9","hash":"2cca73a1abb05169e1238ab839bf46383405110c"}
,"C:\\Users\\kkita\\Documents\\GitHub\\SIGA\\backend\\src\\services\\asignacion-pie.service.js": {"path":"C:\\Users\\kkita\\Documents\\GitHub\\SIGA\\backend\\src\\services\\asignacion-pie.service.js","statementMap":{"0":{"start":{"line":3,"column":19},"end":{"line":7,"column":1}},"1":{"start":{"line":4,"column":16},"end":{"line":4,"column":34}},"2":{"start":{"line":5,"column":2},"end":{"line":5,"column":32}},"3":{"start":{"line":6,"column":2},"end":{"line":6,"column":15}},"4":{"start":{"line":16,"column":4},"end":{"line":16,"column":59}},"5":{"start":{"line":17,"column":4},"end":{"line":17,"column":53}},"6":{"start":{"line":18,"column":4},"end":{"line":18,"column":55}},"7":{"start":{"line":19,"column":4},"end":{"line":19,"column":37}},"8":{"start":{"line":24,"column":6},"end":{"line":24,"column":74}},"9":{"start":{"line":26,"column":4},"end":{"line":28,"column":5}},"10":{"start":{"line":27,"column":6},"end":{"line":27,"column":80}},"11":{"start":{"line":30,"column":23},"end":{"line":30,"column":77}},"12":{"start":{"line":31,"column":4},"end":{"line":33,"column":5}},"13":{"start":{"line":32,"column":6},"end":{"line":32,"column":55}},"14":{"start":{"line":36,"column":6},"end":{"line":36,"column":75}},"15":{"start":{"line":37,"column":4},"end":{"line":39,"column":5}},"16":{"start":{"line":38,"column":6},"end":{"line":38,"column":60}},"17":{"start":{"line":41,"column":23},"end":{"line":50,"column":6}},"18":{"start":{"line":42,"column":30},"end":{"line":45,"column":7}},"19":{"start":{"line":47,"column":6},"end":{"line":47,"column":78}},"20":{"start":{"line":49,"column":6},"end":{"line":49,"column":29}},"21":{"start":{"line":53,"column":4},"end":{"line":59,"column":7}},"22":{"start":{"line":61,"column":4},"end":{"line":65,"column":6}},"23":{"start":{"line":69,"column":4},"end":{"line":69,"column":50}},"24":{"start":{"line":74,"column":6},"end":{"line":74,"column":63}},"25":{"start":{"line":76,"column":4},"end":{"line":78,"column":5}},"26":{"start":{"line":77,"column":6},"end":{"line":77,"column":59}},"27":{"start":{"line":80,"column":4},"end":{"line":80,"column":22}},"28":{"start":{"line":85,"column":6},"end":{"line":85,"column":63}},"29":{"start":{"line":87,"column":4},"end":{"line":89,"column":5}},"30":{"start":{"line":88,"column":6},"end":{"line":88,"column":59}},"31":{"start":{"line":91,"column":33},"end":{"line":115,"column":5}},"32":{"start":{"line":93,"column":27},"end":{"line":96,"column":9}},"33":{"start":{"line":99,"column":10},"end":{"line":103,"column":11}},"34":{"start":{"line":105,"column":8},"end":{"line":111,"column":9}},"35":{"start":{"line":106,"column":10},"end":{"line":110,"column":12}},"36":{"start":{"line":113,"column":8},"end":{"line":113,"column":26}},"37":{"start":{"line":118,"column":4},"end":{"line":124,"column":7}},"38":{"start":{"line":126,"column":4},"end":{"line":130,"column":6}}},"fnMap":{"0":{"name":"(anonymous_0)","decl":{"start":{"line":3,"column":19},"end":{"line":3,"column":20}},"loc":{"start":{"line":3,"column":50},"end":{"line":7,"column":1}},"line":3},"1":{"name":"(anonymous_1)","decl":{"start":{"line":10,"column":2},"end":{"line":10,"column":3}},"loc":{"start":{"line":15,"column":5},"end":{"line":20,"column":3}},"line":15},"2":{"name":"(anonymous_2)","decl":{"start":{"line":22,"column":2},"end":{"line":22,"column":3}},"loc":{"start":{"line":22,"column":68},"end":{"line":66,"column":3}},"line":22},"3":{"name":"(anonymous_3)","decl":{"start":{"line":41,"column":60},"end":{"line":41,"column":61}},"loc":{"start":{"line":41,"column":74},"end":{"line":50,"column":5}},"line":41},"4":{"name":"(anonymous_4)","decl":{"start":{"line":68,"column":2},"end":{"line":68,"column":3}},"loc":{"start":{"line":68,"column":29},"end":{"line":70,"column":3}},"line":68},"5":{"name":"(anonymous_5)","decl":{"start":{"line":72,"column":2},"end":{"line":72,"column":3}},"loc":{"start":{"line":72,"column":40},"end":{"line":81,"column":3}},"line":72},"6":{"name":"(anonymous_6)","decl":{"start":{"line":83,"column":2},"end":{"line":83,"column":3}},"loc":{"start":{"line":83,"column":53},"end":{"line":131,"column":3}},"line":83},"7":{"name":"(anonymous_7)","decl":{"start":{"line":92,"column":6},"end":{"line":92,"column":7}},"loc":{"start":{"line":92,"column":20},"end":{"line":114,"column":7}},"line":92}},"branchMap":{"0":{"loc":{"start":{"line":3,"column":29},"end":{"line":3,"column":45}},"type":"default-arg","locations":[{"start":{"line":3,"column":42},"end":{"line":3,"column":45}}],"line":3},"1":{"loc":{"start":{"line":26,"column":4},"end":{"line":28,"column":5}},"type":"if","locations":[{"start":{"line":26,"column":4},"end":{"line":28,"column":5}},{"start":{},"end":{}}],"line":26},"2":{"loc":{"start":{"line":31,"column":4},"end":{"line":33,"column":5}},"type":"if","locations":[{"start":{"line":31,"column":4},"end":{"line":33,"column":5}},{"start":{},"end":{}}],"line":31},"3":{"loc":{"start":{"line":37,"column":4},"end":{"line":39,"column":5}},"type":"if","locations":[{"start":{"line":37,"column":4},"end":{"line":39,"column":5}},{"start":{},"end":{}}],"line":37},"4":{"loc":{"start":{"line":76,"column":4},"end":{"line":78,"column":5}},"type":"if","locations":[{"start":{"line":76,"column":4},"end":{"line":78,"column":5}},{"start":{},"end":{}}],"line":76},"5":{"loc":{"start":{"line":87,"column":4},"end":{"line":89,"column":5}},"type":"if","locations":[{"start":{"line":87,"column":4},"end":{"line":89,"column":5}},{"start":{},"end":{}}],"line":87},"6":{"loc":{"start":{"line":105,"column":8},"end":{"line":111,"column":9}},"type":"if","locations":[{"start":{"line":105,"column":8},"end":{"line":111,"column":9}},{"start":{},"end":{}}],"line":105}},"s":{"0":2,"1":1,"2":1,"3":1,"4":4,"5":4,"6":4,"7":4,"8":2,"9":2,"10":1,"11":1,"12":1,"13":0,"14":1,"15":1,"16":0,"17":1,"18":1,"19":1,"20":1,"21":1,"22":1,"23":0,"24":0,"25":0,"26":0,"27":0,"28":1,"29":1,"30":0,"31":1,"32":1,"33":1,"34":1,"35":1,"36":1,"37":1,"38":1},"f":{"0":1,"1":4,"2":2,"3":1,"4":0,"5":0,"6":1,"7":1},"b":{"0":[0],"1":[1,1],"2":[0,1],"3":[0,1],"4":[0,0],"5":[0,1],"6":[1,0]},"_coverageSchema":"1a1c01bbd47fc00a2c39e90264f33305004495a9","hash":"2dc3cb6ec2181bd023634790937fbc285e9f43df"}
,"C:\\Users\\kkita\\Documents\\GitHub\\SIGA\\backend\\src\\services\\asignacion.service.js": {"path":"C:\\Users\\kkita\\Documents\\GitHub\\SIGA\\backend\\src\\services\\asignacion.service.js","statementMap":{"0":{"start":{"line":3,"column":13},"end":{"line":3,"column":39}},"1":{"start":{"line":5,"column":26},"end":{"line":45,"column":1}},"2":{"start":{"line":12,"column":4},"end":{"line":12,"column":77}},"3":{"start":{"line":14,"column":2},"end":{"line":16,"column":3}},"4":{"start":{"line":15,"column":4},"end":{"line":15,"column":62}},"5":{"start":{"line":20,"column":4},"end":{"line":20,"column":58}},"6":{"start":{"line":21,"column":2},"end":{"line":22,"column":61}},"7":{"start":{"line":22,"column":4},"end":{"line":22,"column":61}},"8":{"start":{"line":25,"column":24},"end":{"line":25,"column":66}},"9":{"start":{"line":26,"column":2},"end":{"line":26,"column":62}},"10":{"start":{"line":26,"column":22},"end":{"line":26,"column":62}},"11":{"start":{"line":29,"column":20},"end":{"line":29,"column":53}},"12":{"start":{"line":30,"column":2},"end":{"line":30,"column":54}},"13":{"start":{"line":30,"column":18},"end":{"line":30,"column":54}},"14":{"start":{"line":33,"column":19},"end":{"line":33,"column":63}},"15":{"start":{"line":34,"column":2},"end":{"line":34,"column":71}},"16":{"start":{"line":34,"column":16},"end":{"line":34,"column":71}},"17":{"start":{"line":37,"column":2},"end":{"line":41,"column":3}},"18":{"start":{"line":38,"column":4},"end":{"line":40,"column":5}},"19":{"start":{"line":39,"column":6},"end":{"line":39,"column":80}},"20":{"start":{"line":44,"column":2},"end":{"line":44,"column":75}},"21":{"start":{"line":47,"column":26},"end":{"line":66,"column":1}},"22":{"start":{"line":50,"column":4},"end":{"line":50,"column":58}},"23":{"start":{"line":51,"column":2},"end":{"line":52,"column":61}},"24":{"start":{"line":52,"column":4},"end":{"line":52,"column":61}},"25":{"start":{"line":55,"column":24},"end":{"line":55,"column":66}},"26":{"start":{"line":56,"column":2},"end":{"line":56,"column":62}},"27":{"start":{"line":56,"column":22},"end":{"line":56,"column":62}},"28":{"start":{"line":59,"column":22},"end":{"line":59,"column":66}},"29":{"start":{"line":60,"column":2},"end":{"line":60,"column":75}},"30":{"start":{"line":60,"column":20},"end":{"line":60,"column":75}},"31":{"start":{"line":63,"column":2},"end":{"line":63,"column":42}},"32":{"start":{"line":65,"column":2},"end":{"line":65,"column":51}}},"fnMap":{"0":{"name":"(anonymous_0)","decl":{"start":{"line":5,"column":26},"end":{"line":5,"column":27}},"loc":{"start":{"line":10,"column":5},"end":{"line":45,"column":1}},"line":10},"1":{"name":"(anonymous_1)","decl":{"start":{"line":47,"column":26},"end":{"line":47,"column":27}},"loc":{"start":{"line":47,"column":71},"end":{"line":66,"column":1}},"line":47}},"branchMap":{"0":{"loc":{"start":{"line":12,"column":4},"end":{"line":12,"column":77}},"type":"cond-expr","locations":[{"start":{"line":12,"column":40},"end":{"line":12,"column":61}},{"start":{"line":12,"column":64},"end":{"line":12,"column":77}}],"line":12},"1":{"loc":{"start":{"line":14,"column":2},"end":{"line":16,"column":3}},"type":"if","locations":[{"start":{"line":14,"column":2},"end":{"line":16,"column":3}},{"start":{},"end":{}}],"line":14},"2":{"loc":{"start":{"line":21,"column":2},"end":{"line":22,"column":61}},"type":"if","locations":[{"start":{"line":21,"column":2},"end":{"line":22,"column":61}},{"start":{},"end":{}}],"line":21},"3":{"loc":{"start":{"line":26,"column":2},"end":{"line":26,"column":62}},"type":"if","locations":[{"start":{"line":26,"column":2},"end":{"line":26,"column":62}},{"start":{},"end":{}}],"line":26},"4":{"loc":{"start":{"line":30,"column":2},"end":{"line":30,"column":54}},"type":"if","locations":[{"start":{"line":30,"column":2},"end":{"line":30,"column":54}},{"start":{},"end":{}}],"line":30},"5":{"loc":{"start":{"line":34,"column":2},"end":{"line":34,"column":71}},"type":"if","locations":[{"start":{"line":34,"column":2},"end":{"line":34,"column":71}},{"start":{},"end":{}}],"line":34},"6":{"loc":{"start":{"line":37,"column":2},"end":{"line":41,"column":3}},"type":"if","locations":[{"start":{"line":37,"column":2},"end":{"line":41,"column":3}},{"start":{},"end":{}}],"line":37},"7":{"loc":{"start":{"line":38,"column":4},"end":{"line":40,"column":5}},"type":"if","locations":[{"start":{"line":38,"column":4},"end":{"line":40,"column":5}},{"start":{},"end":{}}],"line":38},"8":{"loc":{"start":{"line":51,"column":2},"end":{"line":52,"column":61}},"type":"if","locations":[{"start":{"line":51,"column":2},"end":{"line":52,"column":61}},{"start":{},"end":{}}],"line":51},"9":{"loc":{"start":{"line":56,"column":2},"end":{"line":56,"column":62}},"type":"if","locations":[{"start":{"line":56,"column":2},"end":{"line":56,"column":62}},{"start":{},"end":{}}],"line":56},"10":{"loc":{"start":{"line":60,"column":2},"end":{"line":60,"column":75}},"type":"if","locations":[{"start":{"line":60,"column":2},"end":{"line":60,"column":75}},{"start":{},"end":{}}],"line":60}},"s":{"0":1,"1":1,"2":7,"3":7,"4":1,"5":6,"6":6,"7":1,"8":5,"9":5,"10":1,"11":4,"12":4,"13":1,"14":3,"15":3,"16":1,"17":2,"18":2,"19":1,"20":1,"21":1,"22":2,"23":2,"24":0,"25":2,"26":2,"27":0,"28":2,"29":2,"30":1,"31":1,"32":1},"f":{"0":7,"1":2},"b":{"0":[2,5],"1":[1,6],"2":[1,5],"3":[1,4],"4":[1,3],"5":[1,2],"6":[2,0],"7":[1,1],"8":[0,2],"9":[0,2],"10":[1,1]},"_coverageSchema":"1a1c01bbd47fc00a2c39e90264f33305004495a9","hash":"488069fb5fcd9df81e07b1850094b82b9f11e390"}
,"C:\\Users\\kkita\\Documents\\GitHub\\SIGA\\backend\\src\\services\\auth.service.js": {"path":"C:\\Users\\kkita\\Documents\\GitHub\\SIGA\\backend\\src\\services\\auth.service.js","statementMap":{"0":{"start":{"line":5,"column":13},"end":{"line":5,"column":33}},"1":{"start":{"line":7,"column":27},"end":{"line":57,"column":1}},"2":{"start":{"line":9,"column":45},"end":{"line":9,"column":57}},"3":{"start":{"line":11,"column":42},"end":{"line":11,"column":67}},"4":{"start":{"line":12,"column":28},"end":{"line":12,"column":65}},"5":{"start":{"line":14,"column":27},"end":{"line":14,"column":58}},"6":{"start":{"line":16,"column":4},"end":{"line":22,"column":7}},"7":{"start":{"line":26,"column":32},"end":{"line":26,"column":44}},"8":{"start":{"line":28,"column":19},"end":{"line":28,"column":54}},"9":{"start":{"line":29,"column":4},"end":{"line":29,"column":59}},"10":{"start":{"line":29,"column":17},"end":{"line":29,"column":59}},"11":{"start":{"line":31,"column":27},"end":{"line":31,"column":76}},"12":{"start":{"line":32,"column":4},"end":{"line":32,"column":67}},"13":{"start":{"line":32,"column":25},"end":{"line":32,"column":67}},"14":{"start":{"line":34,"column":17},"end":{"line":34,"column":68}},"15":{"start":{"line":35,"column":27},"end":{"line":41,"column":13}},"16":{"start":{"line":43,"column":18},"end":{"line":47,"column":5}},"17":{"start":{"line":49,"column":4},"end":{"line":55,"column":6}}},"fnMap":{"0":{"name":"(anonymous_0)","decl":{"start":{"line":8,"column":2},"end":{"line":8,"column":3}},"loc":{"start":{"line":8,"column":35},"end":{"line":23,"column":3}},"line":8},"1":{"name":"(anonymous_1)","decl":{"start":{"line":25,"column":2},"end":{"line":25,"column":3}},"loc":{"start":{"line":25,"column":32},"end":{"line":56,"column":3}},"line":25}},"branchMap":{"0":{"loc":{"start":{"line":11,"column":43},"end":{"line":11,"column":55}},"type":"binary-expr","locations":[{"start":{"line":11,"column":43},"end":{"line":11,"column":49}},{"start":{"line":11,"column":53},"end":{"line":11,"column":55}}],"line":11},"1":{"loc":{"start":{"line":12,"column":28},"end":{"line":12,"column":65}},"type":"binary-expr","locations":[{"start":{"line":12,"column":28},"end":{"line":12,"column":47}},{"start":{"line":12,"column":51},"end":{"line":12,"column":65}}],"line":12},"2":{"loc":{"start":{"line":29,"column":4},"end":{"line":29,"column":59}},"type":"if","locations":[{"start":{"line":29,"column":4},"end":{"line":29,"column":59}},{"start":{},"end":{}}],"line":29},"3":{"loc":{"start":{"line":32,"column":4},"end":{"line":32,"column":67}},"type":"if","locations":[{"start":{"line":32,"column":4},"end":{"line":32,"column":67}},{"start":{},"end":{}}],"line":32},"4":{"loc":{"start":{"line":34,"column":17},"end":{"line":34,"column":68}},"type":"binary-expr","locations":[{"start":{"line":34,"column":17},"end":{"line":34,"column":56}},{"start":{"line":34,"column":60},"end":{"line":34,"column":68}}],"line":34},"5":{"loc":{"start":{"line":45,"column":6},"end":{"line":45,"column":52}},"type":"binary-expr","locations":[{"start":{"line":45,"column":6},"end":{"line":45,"column":28}},{"start":{"line":45,"column":32},"end":{"line":45,"column":52}}],"line":45},"6":{"loc":{"start":{"line":53,"column":14},"end":{"line":53,"column":60}},"type":"binary-expr","locations":[{"start":{"line":53,"column":14},"end":{"line":53,"column":28}},{"start":{"line":53,"column":32},"end":{"line":53,"column":60}}],"line":53}},"s":{"0":1,"1":1,"2":1,"3":1,"4":1,"5":1,"6":1,"7":3,"8":3,"9":3,"10":1,"11":2,"12":2,"13":1,"14":1,"15":1,"16":1,"17":1},"f":{"0":1,"1":3},"b":{"0":[1,0],"1":[1,0],"2":[1,2],"3":[1,1],"4":[1,0],"5":[1,1],"6":[1,0]},"_coverageSchema":"1a1c01bbd47fc00a2c39e90264f33305004495a9","hash":"33f7275a9eb15b6cdb4d677bd2f2fdf6603e6932"}
,"C:\\Users\\kkita\\Documents\\GitHub\\SIGA\\backend\\src\\services\\estudiante.service.js": {"path":"C:\\Users\\kkita\\Documents\\GitHub\\SIGA\\backend\\src\\services\\estudiante.service.js","statementMap":{"0":{"start":{"line":5,"column":32},"end":{"line":5,"column":77}},"1":{"start":{"line":7,"column":4},"end":{"line":11,"column":5}},"2":{"start":{"line":8,"column":6},"end":{"line":10,"column":8}},"3":{"start":{"line":13,"column":4},"end":{"line":24,"column":7}},"4":{"start":{"line":28,"column":4},"end":{"line":28,"column":48}},"5":{"start":{"line":32,"column":4},"end":{"line":32,"column":51}},"6":{"start":{"line":36,"column":4},"end":{"line":38,"column":5}},"7":{"start":{"line":37,"column":6},"end":{"line":37,"column":59}},"8":{"start":{"line":40,"column":23},"end":{"line":40,"column":62}},"9":{"start":{"line":42,"column":4},"end":{"line":44,"column":5}},"10":{"start":{"line":43,"column":6},"end":{"line":43,"column":66}},"11":{"start":{"line":46,"column":4},"end":{"line":46,"column":22}},"12":{"start":{"line":50,"column":4},"end":{"line":52,"column":5}},"13":{"start":{"line":51,"column":6},"end":{"line":51,"column":59}},"14":{"start":{"line":54,"column":23},"end":{"line":54,"column":62}},"15":{"start":{"line":55,"column":4},"end":{"line":57,"column":5}},"16":{"start":{"line":56,"column":6},"end":{"line":56,"column":66}},"17":{"start":{"line":59,"column":4},"end":{"line":69,"column":7}}},"fnMap":{"0":{"name":"(anonymous_0)","decl":{"start":{"line":4,"column":2},"end":{"line":4,"column":3}},"loc":{"start":{"line":4,"column":40},"end":{"line":25,"column":3}},"line":4},"1":{"name":"(anonymous_1)","decl":{"start":{"line":27,"column":2},"end":{"line":27,"column":3}},"loc":{"start":{"line":27,"column":35},"end":{"line":29,"column":3}},"line":27},"2":{"name":"(anonymous_2)","decl":{"start":{"line":31,"column":2},"end":{"line":31,"column":3}},"loc":{"start":{"line":31,"column":38},"end":{"line":33,"column":3}},"line":31},"3":{"name":"(anonymous_3)","decl":{"start":{"line":35,"column":2},"end":{"line":35,"column":3}},"loc":{"start":{"line":35,"column":42},"end":{"line":47,"column":3}},"line":35},"4":{"name":"(anonymous_4)","decl":{"start":{"line":49,"column":2},"end":{"line":49,"column":3}},"loc":{"start":{"line":49,"column":45},"end":{"line":70,"column":3}},"line":49}},"branchMap":{"0":{"loc":{"start":{"line":7,"column":4},"end":{"line":11,"column":5}},"type":"if","locations":[{"start":{"line":7,"column":4},"end":{"line":11,"column":5}},{"start":{},"end":{}}],"line":7},"1":{"loc":{"start":{"line":36,"column":4},"end":{"line":38,"column":5}},"type":"if","locations":[{"start":{"line":36,"column":4},"end":{"line":38,"column":5}},{"start":{},"end":{}}],"line":36},"2":{"loc":{"start":{"line":42,"column":4},"end":{"line":44,"column":5}},"type":"if","locations":[{"start":{"line":42,"column":4},"end":{"line":44,"column":5}},{"start":{},"end":{}}],"line":42},"3":{"loc":{"start":{"line":50,"column":4},"end":{"line":52,"column":5}},"type":"if","locations":[{"start":{"line":50,"column":4},"end":{"line":52,"column":5}},{"start":{},"end":{}}],"line":50},"4":{"loc":{"start":{"line":55,"column":4},"end":{"line":57,"column":5}},"type":"if","locations":[{"start":{"line":55,"column":4},"end":{"line":57,"column":5}},{"start":{},"end":{}}],"line":55}},"s":{"0":2,"1":2,"2":1,"3":1,"4":1,"5":1,"6":4,"7":2,"8":2,"9":2,"10":1,"11":1,"12":3,"13":1,"14":2,"15":2,"16":1,"17":1},"f":{"0":2,"1":1,"2":1,"3":4,"4":3},"b":{"0":[1,1],"1":[2,2],"2":[1,1],"3":[1,2],"4":[1,1]},"_coverageSchema":"1a1c01bbd47fc00a2c39e90264f33305004495a9","hash":"d9dfce5f69e95bb43670f04bec305a8b1eb2e71e"}
,"C:\\Users\\kkita\\Documents\\GitHub\\SIGA\\backend\\src\\services\\funcionario.service.js": {"path":"C:\\Users\\kkita\\Documents\\GitHub\\SIGA\\backend\\src\\services\\funcionario.service.js","statementMap":{"0":{"start":{"line":5,"column":25},"end":{"line":5,"column":74}},"1":{"start":{"line":8,"column":4},"end":{"line":12,"column":8}},"2":{"start":{"line":8,"column":36},"end":{"line":12,"column":5}}},"fnMap":{"0":{"name":"(anonymous_0)","decl":{"start":{"line":4,"column":2},"end":{"line":4,"column":3}},"loc":{"start":{"line":4,"column":37},"end":{"line":13,"column":3}},"line":4},"1":{"name":"(anonymous_1)","decl":{"start":{"line":8,"column":28},"end":{"line":8,"column":29}},"loc":{"start":{"line":8,"column":36},"end":{"line":12,"column":5}},"line":8}},"branchMap":{},"s":{"0":1,"1":1,"2":1},"f":{"0":1,"1":1},"b":{},"_coverageSchema":"1a1c01bbd47fc00a2c39e90264f33305004495a9","hash":"5776ada8e1e7b6e2ffd1e6063055931f317faede"}
,"C:\\Users\\kkita\\Documents\\GitHub\\SIGA\\backend\\src\\services\\rol.service.js": {"path":"C:\\Users\\kkita\\Documents\\GitHub\\SIGA\\backend\\src\\services\\rol.service.js","statementMap":{"0":{"start":{"line":3,"column":13},"end":{"line":3,"column":32}},"1":{"start":{"line":5,"column":27},"end":{"line":7,"column":1}},"2":{"start":{"line":6,"column":2},"end":{"line":6,"column":29}},"3":{"start":{"line":9,"column":35},"end":{"line":11,"column":1}},"4":{"start":{"line":10,"column":2},"end":{"line":10,"column":52}}},"fnMap":{"0":{"name":"(anonymous_0)","decl":{"start":{"line":5,"column":27},"end":{"line":5,"column":28}},"loc":{"start":{"line":5,"column":39},"end":{"line":7,"column":1}},"line":5},"1":{"name":"(anonymous_1)","decl":{"start":{"line":9,"column":35},"end":{"line":9,"column":36}},"loc":{"start":{"line":9,"column":67},"end":{"line":11,"column":1}},"line":9}},"branchMap":{},"s":{"0":1,"1":1,"2":1,"3":1,"4":1},"f":{"0":1,"1":1},"b":{},"_coverageSchema":"1a1c01bbd47fc00a2c39e90264f33305004495a9","hash":"42d8166184fab72bf5ea52380279992c04ba7d95"}
,"C:\\Users\\kkita\\Documents\\GitHub\\SIGA\\backend\\src\\services\\tipo-funcionario.service.js": {"path":"C:\\Users\\kkita\\Documents\\GitHub\\SIGA\\backend\\src\\services\\tipo-funcionario.service.js","statementMap":{"0":{"start":{"line":4,"column":13},"end":{"line":4,"column":44}},"1":{"start":{"line":8,"column":4},"end":{"line":8,"column":61}},"2":{"start":{"line":8,"column":17},"end":{"line":8,"column":61}},"3":{"start":{"line":10,"column":22},"end":{"line":10,"column":56}},"4":{"start":{"line":11,"column":4},"end":{"line":13,"column":5}},"5":{"start":{"line":12,"column":6},"end":{"line":12,"column":73}},"6":{"start":{"line":14,"column":4},"end":{"line":18,"column":5}},"7":{"start":{"line":15,"column":6},"end":{"line":17,"column":8}},"8":{"start":{"line":20,"column":4},"end":{"line":20,"column":47}},"9":{"start":{"line":24,"column":4},"end":{"line":24,"column":25}},"10":{"start":{"line":28,"column":17},"end":{"line":28,"column":44}},"11":{"start":{"line":29,"column":4},"end":{"line":29,"column":68}},"12":{"start":{"line":29,"column":15},"end":{"line":29,"column":68}},"13":{"start":{"line":30,"column":4},"end":{"line":30,"column":16}},"14":{"start":{"line":34,"column":4},"end":{"line":34,"column":37}},"15":{"start":{"line":38,"column":4},"end":{"line":38,"column":31}}},"fnMap":{"0":{"name":"(anonymous_0)","decl":{"start":{"line":7,"column":2},"end":{"line":7,"column":3}},"loc":{"start":{"line":7,"column":47},"end":{"line":21,"column":3}},"line":7},"1":{"name":"(anonymous_1)","decl":{"start":{"line":23,"column":2},"end":{"line":23,"column":3}},"loc":{"start":{"line":23,"column":22},"end":{"line":25,"column":3}},"line":23},"2":{"name":"(anonymous_2)","decl":{"start":{"line":27,"column":2},"end":{"line":27,"column":3}},"loc":{"start":{"line":27,"column":27},"end":{"line":31,"column":3}},"line":27},"3":{"name":"(anonymous_3)","decl":{"start":{"line":33,"column":2},"end":{"line":33,"column":3}},"loc":{"start":{"line":33,"column":33},"end":{"line":35,"column":3}},"line":33},"4":{"name":"(anonymous_4)","decl":{"start":{"line":37,"column":2},"end":{"line":37,"column":3}},"loc":{"start":{"line":37,"column":27},"end":{"line":39,"column":3}},"line":37}},"branchMap":{"0":{"loc":{"start":{"line":8,"column":4},"end":{"line":8,"column":61}},"type":"if","locations":[{"start":{"line":8,"column":4},"end":{"line":8,"column":61}},{"start":{},"end":{}}],"line":8},"1":{"loc":{"start":{"line":11,"column":4},"end":{"line":13,"column":5}},"type":"if","locations":[{"start":{"line":11,"column":4},"end":{"line":13,"column":5}},{"start":{},"end":{}}],"line":11},"2":{"loc":{"start":{"line":11,"column":8},"end":{"line":11,"column":37}},"type":"binary-expr","locations":[{"start":{"line":11,"column":8},"end":{"line":11,"column":17}},{"start":{"line":11,"column":21},"end":{"line":11,"column":37}}],"line":11},"3":{"loc":{"start":{"line":14,"column":4},"end":{"line":18,"column":5}},"type":"if","locations":[{"start":{"line":14,"column":4},"end":{"line":18,"column":5}},{"start":{},"end":{}}],"line":14},"4":{"loc":{"start":{"line":14,"column":8},"end":{"line":14,"column":38}},"type":"binary-expr","locations":[{"start":{"line":14,"column":8},"end":{"line":14,"column":17}},{"start":{"line":14,"column":21},"end":{"line":14,"column":38}}],"line":14},"5":{"loc":{"start":{"line":29,"column":4},"end":{"line":29,"column":68}},"type":"if","locations":[{"start":{"line":29,"column":4},"end":{"line":29,"column":68}},{"start":{},"end":{}}],"line":29}},"s":{"0":1,"1":3,"2":0,"3":3,"4":3,"5":1,"6":2,"7":1,"8":1,"9":1,"10":1,"11":1,"12":0,"13":1,"14":0,"15":0},"f":{"0":3,"1":1,"2":1,"3":0,"4":0},"b":{"0":[0,3],"1":[1,2],"2":[3,2],"3":[1,1],"4":[2,1],"5":[0,1]},"_coverageSchema":"1a1c01bbd47fc00a2c39e90264f33305004495a9","hash":"eb1c7a02399d4cf200abc8a8bd68c8db15ab0a56"}
}
