{"C:\\Users\\kkita\\Documents\\GitHub\\SIGA\\backend\\src\\dto\\asignacion-pie.dto.js": {"path":"C:\\Users\\kkita\\Documents\\GitHub\\SIGA\\backend\\src\\dto\\asignacion-pie.dto.js","statementMap":{"0":{"start":{"line":1,"column":25},"end":{"line":5,"column":1}},"1":{"start":{"line":2,"column":17},"end":{"line":2,"column":66}},"2":{"start":{"line":4,"column":2},"end":{"line":4,"column":50}},"3":{"start":{"line":7,"column":44},"end":{"line":28,"column":1}},"4":{"start":{"line":8,"column":18},"end":{"line":8,"column":20}},"5":{"start":{"line":9,"column":23},"end":{"line":9,"column":61}},"6":{"start":{"line":10,"column":24},"end":{"line":10,"column":63}},"7":{"start":{"line":12,"column":2},"end":{"line":14,"column":3}},"8":{"start":{"line":13,"column":4},"end":{"line":13,"column":67}},"9":{"start":{"line":16,"column":2},"end":{"line":18,"column":3}},"10":{"start":{"line":17,"column":4},"end":{"line":17,"column":68}},"11":{"start":{"line":20,"column":2},"end":{"line":27,"column":4}}},"fnMap":{"0":{"name":"(anonymous_0)","decl":{"start":{"line":1,"column":25},"end":{"line":1,"column":26}},"loc":{"start":{"line":1,"column":36},"end":{"line":5,"column":1}},"line":1},"1":{"name":"(anonymous_1)","decl":{"start":{"line":7,"column":44},"end":{"line":7,"column":45}},"loc":{"start":{"line":7,"column":62},"end":{"line":28,"column":1}},"line":7}},"branchMap":{"0":{"loc":{"start":{"line":2,"column":17},"end":{"line":2,"column":66}},"type":"cond-expr","locations":[{"start":{"line":2,"column":45},"end":{"line":2,"column":58}},{"start":{"line":2,"column":61},"end":{"line":2,"column":66}}],"line":2},"1":{"loc":{"start":{"line":4,"column":9},"end":{"line":4,"column":49}},"type":"cond-expr","locations":[{"start":{"line":4,"column":36},"end":{"line":4,"column":42}},{"start":{"line":4,"column":45},"end":{"line":4,"column":49}}],"line":4},"2":{"loc":{"start":{"line":7,"column":45},"end":{"line":7,"column":57}},"type":"default-arg","locations":[{"start":{"line":7,"column":55},"end":{"line":7,"column":57}}],"line":7},"3":{"loc":{"start":{"line":12,"column":2},"end":{"line":14,"column":3}},"type":"if","locations":[{"start":{"line":12,"column":2},"end":{"line":14,"column":3}},{"start":{},"end":{}}],"line":12},"4":{"loc":{"start":{"line":16,"column":2},"end":{"line":18,"column":3}},"type":"if","locations":[{"start":{"line":16,"column":2},"end":{"line":18,"column":3}},{"start":{},"end":{}}],"line":16}},"s":{"0":1,"1":2,"2":2,"3":1,"4":1,"5":1,"6":1,"7":1,"8":0,"9":1,"10":0,"11":1},"f":{"0":2,"1":1},"b":{"0":[0,2],"1":[2,0],"2":[0],"3":[0,1],"4":[0,1]},"_coverageSchema":"1a1c01bbd47fc00a2c39e90264f33305004495a9","hash":"11011f77f812680396bd24f0f20a51730fe1f03d"}
,"C:\\Users\\kkita\\Documents\\GitHub\\SIGA\\backend\\src\\events\\eventBus.js": {"path":"C:\\Users\\kkita\\Documents\\GitHub\\SIGA\\backend\\src\\events\\eventBus.js","statementMap":{"0":{"start":{"line":3,"column":24},"end":{"line":3,"column":42}}},"fnMap":{},"branchMap":{},"s":{"0":2},"f":{},"b":{},"_coverageSchema":"1a1c01bbd47fc00a2c39e90264f33305004495a9","hash":"e76d8d73add092d57538da4b09992a80f4c42d2d"}
,"C:\\Users\\kkita\\Documents\\GitHub\\SIGA\\backend\\src\\middleware\\auth.js": {"path":"C:\\Users\\kkita\\Documents\\GitHub\\SIGA\\backend\\src\\middleware\\auth.js","statementMap":{"0":{"start":{"line":3,"column":30},"end":{"line":22,"column":1}},"1":{"start":{"line":4,"column":21},"end":{"line":4,"column":46}},"2":{"start":{"line":6,"column":2},"end":{"line":6,"column":75}},"3":{"start":{"line":6,"column":19},"end":{"line":6,"column":75}},"4":{"start":{"line":8,"column":16},"end":{"line":10,"column":16}},"5":{"start":{"line":12,"column":2},"end":{"line":21,"column":3}},"6":{"start":{"line":13,"column":20},"end":{"line":16,"column":5}},"7":{"start":{"line":17,"column":4},"end":{"line":17,"column":23}},"8":{"start":{"line":18,"column":4},"end":{"line":18,"column":11}},"9":{"start":{"line":20,"column":4},"end":{"line":20,"column":54}}},"fnMap":{"0":{"name":"(anonymous_0)","decl":{"start":{"line":3,"column":30},"end":{"line":3,"column":31}},"loc":{"start":{"line":3,"column":50},"end":{"line":22,"column":1}},"line":3}},"branchMap":{"0":{"loc":{"start":{"line":6,"column":2},"end":{"line":6,"column":75}},"type":"if","locations":[{"start":{"line":6,"column":2},"end":{"line":6,"column":75}},{"start":{},"end":{}}],"line":6},"1":{"loc":{"start":{"line":8,"column":16},"end":{"line":10,"column":16}},"type":"cond-expr","locations":[{"start":{"line":9,"column":6},"end":{"line":9,"column":25}},{"start":{"line":10,"column":6},"end":{"line":10,"column":16}}],"line":8},"2":{"loc":{"start":{"line":15,"column":6},"end":{"line":15,"column":52}},"type":"binary-expr","locations":[{"start":{"line":15,"column":6},"end":{"line":15,"column":28}},{"start":{"line":15,"column":32},"end":{"line":15,"column":52}}],"line":15}},"s":{"0":1,"1":3,"2":3,"3":1,"4":2,"5":2,"6":2,"7":1,"8":1,"9":1},"f":{"0":3},"b":{"0":[1,2],"1":[2,0],"2":[2,2]},"_coverageSchema":"1a1c01bbd47fc00a2c39e90264f33305004495a9","hash":"12ff84320795c4c1e840f3c0da5e5719803a0b0c"}
,"C:\\Users\\kkita\\Documents\\GitHub\\SIGA\\backend\\src\\services\\asignacion-pie.service.js": {"path":"C:\\Users\\kkita\\Documents\\GitHub\\SIGA\\backend\\src\\services\\asignacion-pie.service.js","statementMap":{"0":{"start":{"line":3,"column":19},"end":{"line":7,"column":1}},"1":{"start":{"line":4,"column":16},"end":{"line":4,"column":34}},"2":{"start":{"line":5,"column":2},"end":{"line":5,"column":32}},"3":{"start":{"line":6,"column":2},"end":{"line":6,"column":15}},"4":{"start":{"line":16,"column":4},"end":{"line":16,"column":59}},"5":{"start":{"line":17,"column":4},"end":{"line":17,"column":53}},"6":{"start":{"line":18,"column":4},"end":{"line":18,"column":55}},"7":{"start":{"line":19,"column":4},"end":{"line":19,"column":37}},"8":{"start":{"line":24,"column":6},"end":{"line":24,"column":74}},"9":{"start":{"line":26,"column":4},"end":{"line":28,"column":5}},"10":{"start":{"line":27,"column":6},"end":{"line":27,"column":80}},"11":{"start":{"line":30,"column":23},"end":{"line":30,"column":77}},"12":{"start":{"line":31,"column":4},"end":{"line":33,"column":5}},"13":{"start":{"line":32,"column":6},"end":{"line":32,"column":55}},"14":{"start":{"line":36,"column":6},"end":{"line":36,"column":75}},"15":{"start":{"line":37,"column":4},"end":{"line":39,"column":5}},"16":{"start":{"line":38,"column":6},"end":{"line":38,"column":60}},"17":{"start":{"line":41,"column":23},"end":{"line":50,"column":6}},"18":{"start":{"line":42,"column":30},"end":{"line":45,"column":7}},"19":{"start":{"line":47,"column":6},"end":{"line":47,"column":78}},"20":{"start":{"line":49,"column":6},"end":{"line":49,"column":29}},"21":{"start":{"line":53,"column":4},"end":{"line":59,"column":7}},"22":{"start":{"line":61,"column":4},"end":{"line":65,"column":6}},"23":{"start":{"line":69,"column":4},"end":{"line":69,"column":50}},"24":{"start":{"line":74,"column":6},"end":{"line":74,"column":63}},"25":{"start":{"line":76,"column":4},"end":{"line":78,"column":5}},"26":{"start":{"line":77,"column":6},"end":{"line":77,"column":59}},"27":{"start":{"line":80,"column":4},"end":{"line":80,"column":22}},"28":{"start":{"line":85,"column":6},"end":{"line":85,"column":63}},"29":{"start":{"line":87,"column":4},"end":{"line":89,"column":5}},"30":{"start":{"line":88,"column":6},"end":{"line":88,"column":59}},"31":{"start":{"line":91,"column":33},"end":{"line":115,"column":5}},"32":{"start":{"line":93,"column":27},"end":{"line":96,"column":9}},"33":{"start":{"line":99,"column":10},"end":{"line":103,"column":11}},"34":{"start":{"line":105,"column":8},"end":{"line":111,"column":9}},"35":{"start":{"line":106,"column":10},"end":{"line":110,"column":12}},"36":{"start":{"line":113,"column":8},"end":{"line":113,"column":26}},"37":{"start":{"line":118,"column":4},"end":{"line":124,"column":7}},"38":{"start":{"line":126,"column":4},"end":{"line":130,"column":6}}},"fnMap":{"0":{"name":"(anonymous_0)","decl":{"start":{"line":3,"column":19},"end":{"line":3,"column":20}},"loc":{"start":{"line":3,"column":50},"end":{"line":7,"column":1}},"line":3},"1":{"name":"(anonymous_1)","decl":{"start":{"line":10,"column":2},"end":{"line":10,"column":3}},"loc":{"start":{"line":15,"column":5},"end":{"line":20,"column":3}},"line":15},"2":{"name":"(anonymous_2)","decl":{"start":{"line":22,"column":2},"end":{"line":22,"column":3}},"loc":{"start":{"line":22,"column":68},"end":{"line":66,"column":3}},"line":22},"3":{"name":"(anonymous_3)","decl":{"start":{"line":41,"column":60},"end":{"line":41,"column":61}},"loc":{"start":{"line":41,"column":74},"end":{"line":50,"column":5}},"line":41},"4":{"name":"(anonymous_4)","decl":{"start":{"line":68,"column":2},"end":{"line":68,"column":3}},"loc":{"start":{"line":68,"column":29},"end":{"line":70,"column":3}},"line":68},"5":{"name":"(anonymous_5)","decl":{"start":{"line":72,"column":2},"end":{"line":72,"column":3}},"loc":{"start":{"line":72,"column":40},"end":{"line":81,"column":3}},"line":72},"6":{"name":"(anonymous_6)","decl":{"start":{"line":83,"column":2},"end":{"line":83,"column":3}},"loc":{"start":{"line":83,"column":53},"end":{"line":131,"column":3}},"line":83},"7":{"name":"(anonymous_7)","decl":{"start":{"line":92,"column":6},"end":{"line":92,"column":7}},"loc":{"start":{"line":92,"column":20},"end":{"line":114,"column":7}},"line":92}},"branchMap":{"0":{"loc":{"start":{"line":3,"column":29},"end":{"line":3,"column":45}},"type":"default-arg","locations":[{"start":{"line":3,"column":42},"end":{"line":3,"column":45}}],"line":3},"1":{"loc":{"start":{"line":26,"column":4},"end":{"line":28,"column":5}},"type":"if","locations":[{"start":{"line":26,"column":4},"end":{"line":28,"column":5}},{"start":{},"end":{}}],"line":26},"2":{"loc":{"start":{"line":31,"column":4},"end":{"line":33,"column":5}},"type":"if","locations":[{"start":{"line":31,"column":4},"end":{"line":33,"column":5}},{"start":{},"end":{}}],"line":31},"3":{"loc":{"start":{"line":37,"column":4},"end":{"line":39,"column":5}},"type":"if","locations":[{"start":{"line":37,"column":4},"end":{"line":39,"column":5}},{"start":{},"end":{}}],"line":37},"4":{"loc":{"start":{"line":76,"column":4},"end":{"line":78,"column":5}},"type":"if","locations":[{"start":{"line":76,"column":4},"end":{"line":78,"column":5}},{"start":{},"end":{}}],"line":76},"5":{"loc":{"start":{"line":87,"column":4},"end":{"line":89,"column":5}},"type":"if","locations":[{"start":{"line":87,"column":4},"end":{"line":89,"column":5}},{"start":{},"end":{}}],"line":87},"6":{"loc":{"start":{"line":105,"column":8},"end":{"line":111,"column":9}},"type":"if","locations":[{"start":{"line":105,"column":8},"end":{"line":111,"column":9}},{"start":{},"end":{}}],"line":105}},"s":{"0":2,"1":1,"2":1,"3":1,"4":4,"5":4,"6":4,"7":4,"8":2,"9":2,"10":1,"11":1,"12":1,"13":0,"14":1,"15":1,"16":0,"17":1,"18":1,"19":1,"20":1,"21":1,"22":1,"23":0,"24":0,"25":0,"26":0,"27":0,"28":1,"29":1,"30":0,"31":1,"32":1,"33":1,"34":1,"35":1,"36":1,"37":1,"38":1},"f":{"0":1,"1":4,"2":2,"3":1,"4":0,"5":0,"6":1,"7":1},"b":{"0":[0],"1":[1,1],"2":[0,1],"3":[0,1],"4":[0,0],"5":[0,1],"6":[1,0]},"_coverageSchema":"1a1c01bbd47fc00a2c39e90264f33305004495a9","hash":"2dc3cb6ec2181bd023634790937fbc285e9f43df"}
,"C:\\Users\\kkita\\Documents\\GitHub\\SIGA\\backend\\src\\services\\auth.service.js": {"path":"C:\\Users\\kkita\\Documents\\GitHub\\SIGA\\backend\\src\\services\\auth.service.js","statementMap":{"0":{"start":{"line":5,"column":13},"end":{"line":5,"column":33}},"1":{"start":{"line":7,"column":27},"end":{"line":57,"column":1}},"2":{"start":{"line":9,"column":45},"end":{"line":9,"column":57}},"3":{"start":{"line":11,"column":42},"end":{"line":11,"column":67}},"4":{"start":{"line":12,"column":28},"end":{"line":12,"column":65}},"5":{"start":{"line":14,"column":27},"end":{"line":14,"column":58}},"6":{"start":{"line":16,"column":4},"end":{"line":22,"column":7}},"7":{"start":{"line":26,"column":32},"end":{"line":26,"column":44}},"8":{"start":{"line":28,"column":19},"end":{"line":28,"column":54}},"9":{"start":{"line":29,"column":4},"end":{"line":29,"column":59}},"10":{"start":{"line":29,"column":17},"end":{"line":29,"column":59}},"11":{"start":{"line":31,"column":27},"end":{"line":31,"column":76}},"12":{"start":{"line":32,"column":4},"end":{"line":32,"column":67}},"13":{"start":{"line":32,"column":25},"end":{"line":32,"column":67}},"14":{"start":{"line":34,"column":17},"end":{"line":34,"column":68}},"15":{"start":{"line":35,"column":27},"end":{"line":41,"column":13}},"16":{"start":{"line":43,"column":18},"end":{"line":47,"column":5}},"17":{"start":{"line":49,"column":4},"end":{"line":55,"column":6}}},"fnMap":{"0":{"name":"(anonymous_0)","decl":{"start":{"line":8,"column":2},"end":{"line":8,"column":3}},"loc":{"start":{"line":8,"column":35},"end":{"line":23,"column":3}},"line":8},"1":{"name":"(anonymous_1)","decl":{"start":{"line":25,"column":2},"end":{"line":25,"column":3}},"loc":{"start":{"line":25,"column":32},"end":{"line":56,"column":3}},"line":25}},"branchMap":{"0":{"loc":{"start":{"line":11,"column":43},"end":{"line":11,"column":55}},"type":"binary-expr","locations":[{"start":{"line":11,"column":43},"end":{"line":11,"column":49}},{"start":{"line":11,"column":53},"end":{"line":11,"column":55}}],"line":11},"1":{"loc":{"start":{"line":12,"column":28},"end":{"line":12,"column":65}},"type":"binary-expr","locations":[{"start":{"line":12,"column":28},"end":{"line":12,"column":47}},{"start":{"line":12,"column":51},"end":{"line":12,"column":65}}],"line":12},"2":{"loc":{"start":{"line":29,"column":4},"end":{"line":29,"column":59}},"type":"if","locations":[{"start":{"line":29,"column":4},"end":{"line":29,"column":59}},{"start":{},"end":{}}],"line":29},"3":{"loc":{"start":{"line":32,"column":4},"end":{"line":32,"column":67}},"type":"if","locations":[{"start":{"line":32,"column":4},"end":{"line":32,"column":67}},{"start":{},"end":{}}],"line":32},"4":{"loc":{"start":{"line":34,"column":17},"end":{"line":34,"column":68}},"type":"binary-expr","locations":[{"start":{"line":34,"column":17},"end":{"line":34,"column":56}},{"start":{"line":34,"column":60},"end":{"line":34,"column":68}}],"line":34},"5":{"loc":{"start":{"line":45,"column":6},"end":{"line":45,"column":52}},"type":"binary-expr","locations":[{"start":{"line":45,"column":6},"end":{"line":45,"column":28}},{"start":{"line":45,"column":32},"end":{"line":45,"column":52}}],"line":45},"6":{"loc":{"start":{"line":53,"column":14},"end":{"line":53,"column":60}},"type":"binary-expr","locations":[{"start":{"line":53,"column":14},"end":{"line":53,"column":28}},{"start":{"line":53,"column":32},"end":{"line":53,"column":60}}],"line":53}},"s":{"0":1,"1":1,"2":1,"3":1,"4":1,"5":1,"6":1,"7":3,"8":3,"9":3,"10":1,"11":2,"12":2,"13":1,"14":1,"15":1,"16":1,"17":1},"f":{"0":1,"1":3},"b":{"0":[1,0],"1":[1,0],"2":[1,2],"3":[1,1],"4":[1,0],"5":[1,1],"6":[1,0]},"_coverageSchema":"1a1c01bbd47fc00a2c39e90264f33305004495a9","hash":"33f7275a9eb15b6cdb4d677bd2f2fdf6603e6932"}
,"C:\\Users\\kkita\\Documents\\GitHub\\SIGA\\backend\\src\\services\\estudiante.service.js": {"path":"C:\\Users\\kkita\\Documents\\GitHub\\SIGA\\backend\\src\\services\\estudiante.service.js","statementMap":{"0":{"start":{"line":5,"column":32},"end":{"line":5,"column":77}},"1":{"start":{"line":7,"column":4},"end":{"line":11,"column":5}},"2":{"start":{"line":8,"column":6},"end":{"line":10,"column":8}},"3":{"start":{"line":13,"column":4},"end":{"line":24,"column":7}},"4":{"start":{"line":28,"column":4},"end":{"line":28,"column":48}},"5":{"start":{"line":32,"column":4},"end":{"line":32,"column":51}},"6":{"start":{"line":36,"column":4},"end":{"line":38,"column":5}},"7":{"start":{"line":37,"column":6},"end":{"line":37,"column":59}},"8":{"start":{"line":40,"column":23},"end":{"line":40,"column":62}},"9":{"start":{"line":42,"column":4},"end":{"line":44,"column":5}},"10":{"start":{"line":43,"column":6},"end":{"line":43,"column":66}},"11":{"start":{"line":46,"column":4},"end":{"line":46,"column":22}},"12":{"start":{"line":50,"column":4},"end":{"line":52,"column":5}},"13":{"start":{"line":51,"column":6},"end":{"line":51,"column":59}},"14":{"start":{"line":54,"column":23},"end":{"line":54,"column":62}},"15":{"start":{"line":55,"column":4},"end":{"line":57,"column":5}},"16":{"start":{"line":56,"column":6},"end":{"line":56,"column":66}},"17":{"start":{"line":59,"column":4},"end":{"line":69,"column":7}}},"fnMap":{"0":{"name":"(anonymous_0)","decl":{"start":{"line":4,"column":2},"end":{"line":4,"column":3}},"loc":{"start":{"line":4,"column":40},"end":{"line":25,"column":3}},"line":4},"1":{"name":"(anonymous_1)","decl":{"start":{"line":27,"column":2},"end":{"line":27,"column":3}},"loc":{"start":{"line":27,"column":35},"end":{"line":29,"column":3}},"line":27},"2":{"name":"(anonymous_2)","decl":{"start":{"line":31,"column":2},"end":{"line":31,"column":3}},"loc":{"start":{"line":31,"column":38},"end":{"line":33,"column":3}},"line":31},"3":{"name":"(anonymous_3)","decl":{"start":{"line":35,"column":2},"end":{"line":35,"column":3}},"loc":{"start":{"line":35,"column":42},"end":{"line":47,"column":3}},"line":35},"4":{"name":"(anonymous_4)","decl":{"start":{"line":49,"column":2},"end":{"line":49,"column":3}},"loc":{"start":{"line":49,"column":45},"end":{"line":70,"column":3}},"line":49}},"branchMap":{"0":{"loc":{"start":{"line":7,"column":4},"end":{"line":11,"column":5}},"type":"if","locations":[{"start":{"line":7,"column":4},"end":{"line":11,"column":5}},{"start":{},"end":{}}],"line":7},"1":{"loc":{"start":{"line":36,"column":4},"end":{"line":38,"column":5}},"type":"if","locations":[{"start":{"line":36,"column":4},"end":{"line":38,"column":5}},{"start":{},"end":{}}],"line":36},"2":{"loc":{"start":{"line":42,"column":4},"end":{"line":44,"column":5}},"type":"if","locations":[{"start":{"line":42,"column":4},"end":{"line":44,"column":5}},{"start":{},"end":{}}],"line":42},"3":{"loc":{"start":{"line":50,"column":4},"end":{"line":52,"column":5}},"type":"if","locations":[{"start":{"line":50,"column":4},"end":{"line":52,"column":5}},{"start":{},"end":{}}],"line":50},"4":{"loc":{"start":{"line":55,"column":4},"end":{"line":57,"column":5}},"type":"if","locations":[{"start":{"line":55,"column":4},"end":{"line":57,"column":5}},{"start":{},"end":{}}],"line":55}},"s":{"0":2,"1":2,"2":1,"3":1,"4":1,"5":1,"6":4,"7":2,"8":2,"9":2,"10":1,"11":1,"12":3,"13":1,"14":2,"15":2,"16":1,"17":1},"f":{"0":2,"1":1,"2":1,"3":4,"4":3},"b":{"0":[1,1],"1":[2,2],"2":[1,1],"3":[1,2],"4":[1,1]},"_coverageSchema":"1a1c01bbd47fc00a2c39e90264f33305004495a9","hash":"d9dfce5f69e95bb43670f04bec305a8b1eb2e71e"}
}
