TN:
SF:src\config\prisma.js
FNF:0
FNH:0
DA:7,3
DA:10,3
DA:13,3
LF:3
LH:3
BRF:0
BRH:0
end_of_record
TN:
SF:src\controllers\asignacion-pie.controller.js
FN:15,(anonymous_0)
FN:24,(anonymous_1)
FN:46,(anonymous_2)
FN:59,(anonymous_3)
FN:74,(anonymous_4)
FNF:5
FNH:2
FNDA:0,(anonymous_0)
FNDA:2,(anonymous_1)
FNDA:1,(anonymous_2)
FNDA:0,(anonymous_3)
FNDA:0,(anonymous_4)
DA:8,1
DA:15,1
DA:16,0
DA:18,0
DA:24,1
DA:25,2
DA:27,2
DA:28,1
DA:34,1
DA:35,1
DA:40,1
DA:42,0
DA:46,1
DA:47,1
DA:48,1
DA:50,1
DA:55,0
DA:59,1
DA:60,0
DA:61,0
DA:65,0
DA:70,0
DA:74,1
DA:75,0
DA:76,0
DA:81,0
DA:83,0
LF:27
LH:15
BRDA:16,0,0,0
BRDA:16,0,1,0
BRDA:27,1,0,1
BRDA:27,1,1,1
BRF:4
BRH:2
end_of_record
TN:
SF:src\controllers\auth.controller.js
FN:5,(anonymous_0)
FN:29,(anonymous_1)
FNF:2
FNH:2
FNDA:1,(anonymous_0)
FNDA:1,(anonymous_1)
DA:5,1
DA:6,1
DA:7,1
DA:9,1
DA:10,1
DA:16,0
DA:17,0
DA:22,0
DA:23,0
DA:29,1
DA:30,1
DA:31,1
DA:33,1
DA:34,0
DA:43,1
DA:44,0
DA:49,1
DA:50,1
DA:55,0
DA:56,0
LF:20
LH:12
BRDA:16,0,0,0
BRDA:16,0,1,0
BRDA:40,1,0,0
BRDA:40,1,1,0
BRDA:43,2,0,0
BRDA:43,2,1,1
BRDA:49,3,0,1
BRDA:49,3,1,0
BRF:8
BRH:2
end_of_record
TN:
SF:src\controllers\documento.controller.js
FN:9,(anonymous_0)
FN:37,(anonymous_1)
FNF:2
FNH:2
FNDA:2,(anonymous_0)
FNDA:1,(anonymous_1)
DA:5,1
DA:6,1
DA:9,1
DA:10,2
DA:11,2
DA:12,1
DA:19,1
DA:24,1
DA:29,0
DA:37,1
DA:38,1
DA:39,1
DA:42,1
DA:44,1
DA:49,0
DA:50,0
LF:16
LH:13
BRDA:11,0,0,1
BRDA:11,0,1,1
BRDA:39,1,0,0
BRDA:39,2,0,0
BRDA:49,3,0,0
BRDA:49,3,1,0
BRDA:53,4,0,0
BRDA:53,4,1,0
BRF:8
BRH:2
end_of_record
TN:
SF:src\controllers\estudiante.controller.js
FN:5,(anonymous_0)
FN:37,(anonymous_1)
FN:55,(anonymous_2)
FN:72,(anonymous_3)
FN:104,(anonymous_4)
FNF:5
FNH:5
FNDA:1,(anonymous_0)
FNDA:1,(anonymous_1)
FNDA:1,(anonymous_2)
FNDA:1,(anonymous_3)
FNDA:1,(anonymous_4)
DA:5,1
DA:6,1
DA:7,1
DA:9,1
DA:11,1
DA:16,0
DA:17,0
DA:22,0
DA:23,0
DA:28,0
DA:30,0
DA:37,1
DA:38,1
DA:39,1
DA:41,1
DA:46,0
DA:47,0
DA:55,1
DA:56,1
DA:57,1
DA:59,1
DA:64,0
DA:65,0
DA:72,1
DA:73,1
DA:74,1
DA:75,1
DA:77,0
DA:82,1
DA:83,0
DA:89,1
DA:90,1
DA:96,0
DA:97,0
DA:104,1
DA:105,1
DA:106,1
DA:107,1
DA:108,1
DA:110,1
DA:115,0
DA:116,0
DA:120,0
DA:121,0
DA:125,0
DA:126,0
LF:46
LH:26
BRDA:16,0,0,0
BRDA:16,0,1,0
BRDA:22,1,0,0
BRDA:22,1,1,0
BRDA:82,2,0,0
BRDA:82,2,1,1
BRDA:89,3,0,1
BRDA:89,3,1,0
BRDA:115,4,0,0
BRDA:115,4,1,0
BRDA:120,5,0,0
BRDA:120,5,1,0
BRF:12
BRH:2
end_of_record
TN:
SF:src\controllers\funcionario.controller.js
FN:3,(anonymous_0)
FNF:1
FNH:1
FNDA:1,(anonymous_0)
DA:3,1
DA:4,1
DA:5,1
DA:7,1
DA:9,0
DA:10,0
LF:6
LH:4
BRF:0
BRH:0
end_of_record
TN:
SF:src\controllers\tipo-funcionario.controller.js
FN:5,(anonymous_0)
FN:17,(anonymous_1)
FN:22,(anonymous_2)
FN:31,(anonymous_3)
FN:36,(anonymous_4)
FNF:5
FNH:2
FNDA:1,(anonymous_0)
FNDA:1,(anonymous_1)
FNDA:0,(anonymous_2)
FNDA:0,(anonymous_3)
FNDA:0,(anonymous_4)
DA:3,1
DA:5,1
DA:6,1
DA:7,1
DA:8,1
DA:13,0
DA:17,1
DA:18,1
DA:19,1
DA:22,1
DA:23,0
DA:24,0
DA:25,0
DA:27,0
DA:31,1
DA:32,0
DA:33,0
DA:36,1
DA:37,0
DA:38,0
LF:20
LH:11
BRF:0
BRH:0
end_of_record
TN:
SF:src\dto\asignacion-pie.dto.js
FN:1,(anonymous_0)
FN:7,(anonymous_1)
FNF:2
FNH:2
FNDA:6,(anonymous_0)
FNDA:3,(anonymous_1)
DA:1,2
DA:2,6
DA:4,6
DA:7,2
DA:8,3
DA:9,3
DA:10,3
DA:12,3
DA:13,1
DA:16,3
DA:17,1
DA:20,3
LF:12
LH:12
BRDA:2,0,0,0
BRDA:2,0,1,6
BRDA:4,1,0,4
BRDA:4,1,1,2
BRDA:7,2,0,0
BRDA:12,3,0,1
BRDA:12,3,1,2
BRDA:16,4,0,1
BRDA:16,4,1,2
BRF:9
BRH:7
end_of_record
TN:
SF:src\dto\create-estudiante.dto.js
FN:2,(anonymous_0)
FN:29,(anonymous_1)
FNF:2
FNH:2
FNDA:1,(anonymous_0)
FNDA:1,(anonymous_1)
DA:3,1
DA:4,1
DA:5,1
DA:7,1
DA:8,1
DA:10,1
DA:12,1
DA:16,1
DA:20,1
DA:24,1
DA:26,1
DA:30,1
DA:31,0
DA:34,1
DA:35,0
DA:38,1
DA:39,0
DA:42,1
DA:43,0
DA:46,1
DA:47,0
DA:52,1
DA:53,0
LF:23
LH:17
BRDA:4,0,0,1
BRDA:4,0,1,1
BRDA:5,1,0,1
BRDA:5,1,1,1
BRDA:7,2,0,1
BRDA:7,2,1,0
BRDA:8,3,0,1
BRDA:8,3,1,1
BRDA:10,4,0,1
BRDA:10,4,1,0
BRDA:12,5,0,1
BRDA:12,5,1,0
BRDA:16,6,0,0
BRDA:16,6,1,1
BRDA:20,7,0,1
BRDA:20,7,1,1
BRDA:30,8,0,0
BRDA:30,8,1,1
BRDA:34,9,0,0
BRDA:34,9,1,1
BRDA:38,10,0,0
BRDA:38,10,1,1
BRDA:42,11,0,0
BRDA:42,11,1,1
BRDA:46,12,0,0
BRDA:46,12,1,1
BRDA:46,13,0,1
BRDA:46,13,1,1
BRDA:52,14,0,0
BRDA:52,14,1,1
BRF:30
BRH:20
end_of_record
TN:
SF:src\dto\login.dto.js
FN:2,(anonymous_0)
FN:10,(anonymous_1)
FNF:2
FNH:2
FNDA:1,(anonymous_0)
FNDA:1,(anonymous_1)
DA:4,1
DA:5,1
DA:7,1
DA:11,1
DA:12,0
DA:13,1
DA:14,0
LF:7
LH:5
BRDA:4,0,0,1
BRDA:4,0,1,0
BRDA:5,1,0,1
BRDA:5,1,1,0
BRDA:11,2,0,0
BRDA:11,2,1,1
BRDA:13,3,0,0
BRDA:13,3,1,1
BRF:8
BRH:4
end_of_record
TN:
SF:src\dto\register.dto.js
FN:2,(anonymous_0)
FN:13,(anonymous_1)
FNF:2
FNH:2
FNDA:1,(anonymous_0)
FNDA:1,(anonymous_1)
DA:4,1
DA:5,1
DA:6,1
DA:7,1
DA:8,1
DA:10,1
DA:14,1
DA:15,0
DA:16,1
DA:17,0
DA:20,1
DA:21,1
DA:22,0
DA:24,1
DA:25,0
DA:26,1
LF:16
LH:12
BRDA:4,0,0,1
BRDA:4,0,1,0
BRDA:5,1,0,1
BRDA:5,1,1,0
BRDA:6,2,0,1
BRDA:6,2,1,0
BRDA:7,3,0,1
BRDA:7,3,1,0
BRDA:14,4,0,0
BRDA:14,4,1,1
BRDA:16,5,0,0
BRDA:16,5,1,1
BRDA:21,6,0,0
BRDA:21,6,1,1
BRDA:24,7,0,0
BRDA:24,7,1,1
BRDA:26,8,0,0
BRDA:26,8,1,1
BRF:18
BRH:9
end_of_record
TN:
SF:src\dto\update-estudiante.dto.js
FN:2,(anonymous_0)
FN:16,(anonymous_1)
FNF:2
FNH:2
FNDA:1,(anonymous_0)
FNDA:1,(anonymous_1)
DA:3,1
DA:4,1
DA:5,1
DA:6,1
DA:7,1
DA:8,1
DA:9,1
DA:10,1
DA:11,1
DA:13,1
DA:17,1
DA:18,0
DA:20,1
DA:21,0
DA:23,1
DA:24,0
DA:26,1
DA:27,0
DA:29,1
DA:30,0
DA:32,1
DA:33,0
DA:35,1
DA:36,0
LF:24
LH:17
BRDA:17,0,0,0
BRDA:17,0,1,1
BRDA:17,1,0,1
BRDA:17,1,1,0
BRDA:20,2,0,0
BRDA:20,2,1,1
BRDA:20,3,0,1
BRDA:20,3,1,0
BRDA:23,4,0,0
BRDA:23,4,1,1
BRDA:23,5,0,1
BRDA:23,5,1,0
BRDA:26,6,0,0
BRDA:26,6,1,1
BRDA:26,7,0,1
BRDA:26,7,1,0
BRDA:29,8,0,0
BRDA:29,8,1,1
BRDA:29,9,0,1
BRDA:29,9,1,0
BRDA:32,10,0,0
BRDA:32,10,1,1
BRDA:32,11,0,1
BRDA:32,11,1,0
BRDA:35,12,0,0
BRDA:35,12,1,1
BRDA:35,13,0,1
BRDA:35,13,1,0
BRF:28
BRH:14
end_of_record
TN:
SF:src\events\eventBus.js
FNF:0
FNH:0
DA:3,2
LF:1
LH:1
BRF:0
BRH:0
end_of_record
TN:
SF:src\middleware\auth.js
FN:3,(anonymous_0)
FNF:1
FNH:1
FNDA:3,(anonymous_0)
DA:3,1
DA:4,3
DA:6,3
DA:8,2
DA:12,2
DA:13,2
DA:17,1
DA:18,1
DA:20,1
LF:9
LH:9
BRDA:6,0,0,1
BRDA:6,0,1,2
BRDA:8,1,0,2
BRDA:8,1,1,0
BRDA:15,2,0,2
BRDA:15,2,1,0
BRF:6
BRH:4
end_of_record
TN:
SF:src\repositories\asignacion-pie.repository.js
FN:4,(anonymous_0)
FN:14,(anonymous_1)
FN:23,(anonymous_2)
FN:32,(anonymous_3)
FN:41,(anonymous_4)
FN:51,(anonymous_5)
FNF:6
FNH:0
FNDA:0,(anonymous_0)
FNDA:0,(anonymous_1)
FNDA:0,(anonymous_2)
FNDA:0,(anonymous_3)
FNDA:0,(anonymous_4)
FNDA:0,(anonymous_5)
DA:5,0
DA:15,0
DA:24,0
DA:33,0
DA:42,0
DA:52,0
LF:6
LH:0
BRDA:4,0,0,0
BRDA:14,1,0,0
BRDA:23,2,0,0
BRDA:32,3,0,0
BRDA:41,4,0,0
BRDA:51,5,0,0
BRF:6
BRH:0
end_of_record
TN:
SF:src\repositories\auth.repository.js
FN:5,(anonymous_0)
FN:31,(anonymous_1)
FNF:2
FNH:2
FNDA:1,(anonymous_0)
FNDA:1,(anonymous_1)
DA:12,1
DA:32,1
LF:2
LH:2
BRF:0
BRH:0
end_of_record
TN:
SF:src\repositories\curso.repository.js
FN:4,(anonymous_0)
FN:14,(anonymous_1)
FN:31,(anonymous_2)
FNF:3
FNH:3
FNDA:1,(anonymous_0)
FNDA:1,(anonymous_1)
FNDA:1,(anonymous_2)
DA:5,1
DA:15,1
DA:32,1
LF:3
LH:3
BRF:0
BRH:0
end_of_record
TN:
SF:src\repositories\documento.repository.js
FN:5,(anonymous_0)
FN:12,(anonymous_1)
FNF:2
FNH:0
FNDA:0,(anonymous_0)
FNDA:0,(anonymous_1)
DA:6,0
DA:13,0
DA:23,0
LF:3
LH:0
BRF:0
BRH:0
end_of_record
TN:
SF:src\repositories\estudiante.repository.js
FN:4,(anonymous_0)
FN:10,(anonymous_1)
FN:27,(anonymous_2)
FN:33,(anonymous_3)
FN:40,(anonymous_4)
FN:53,(anonymous_5)
FN:64,(anonymous_6)
FNF:7
FNH:0
FNDA:0,(anonymous_0)
FNDA:0,(anonymous_1)
FNDA:0,(anonymous_2)
FNDA:0,(anonymous_3)
FNDA:0,(anonymous_4)
FNDA:0,(anonymous_5)
FNDA:0,(anonymous_6)
DA:5,0
DA:11,0
DA:28,0
DA:34,0
DA:41,0
DA:54,0
DA:65,0
LF:7
LH:0
BRDA:22,0,0,0
BRDA:22,0,1,0
BRDA:40,1,0,0
BRDA:53,2,0,0
BRDA:64,3,0,0
BRF:5
BRH:0
end_of_record
TN:
SF:src\repositories\funcionario.repository.js
FN:4,(anonymous_0)
FN:13,(anonymous_1)
FNF:2
FNH:0
FNDA:0,(anonymous_0)
FNDA:0,(anonymous_1)
DA:5,0
DA:14,0
LF:2
LH:0
BRDA:4,0,0,0
BRF:1
BRH:0
end_of_record
TN:
SF:src\repositories\rol.repository.js
FN:5,(anonymous_0)
FN:9,(anonymous_1)
FNF:2
FNH:2
FNDA:1,(anonymous_0)
FNDA:1,(anonymous_1)
DA:6,1
DA:10,1
LF:2
LH:2
BRF:0
BRH:0
end_of_record
TN:
SF:src\services\asignacion-pie.service.js
FN:3,(anonymous_0)
FN:10,(anonymous_1)
FN:22,(anonymous_2)
FN:41,(anonymous_3)
FN:68,(anonymous_4)
FN:72,(anonymous_5)
FN:83,(anonymous_6)
FN:92,(anonymous_7)
FNF:8
FNH:6
FNDA:1,(anonymous_0)
FNDA:4,(anonymous_1)
FNDA:2,(anonymous_2)
FNDA:1,(anonymous_3)
FNDA:0,(anonymous_4)
FNDA:0,(anonymous_5)
FNDA:1,(anonymous_6)
FNDA:1,(anonymous_7)
DA:3,2
DA:4,1
DA:5,1
DA:6,1
DA:16,4
DA:17,4
DA:18,4
DA:19,4
DA:24,2
DA:26,2
DA:27,1
DA:30,1
DA:31,1
DA:32,0
DA:36,1
DA:37,1
DA:38,0
DA:41,1
DA:42,1
DA:47,1
DA:49,1
DA:53,1
DA:61,1
DA:69,0
DA:74,0
DA:76,0
DA:77,0
DA:80,0
DA:85,1
DA:87,1
DA:88,0
DA:91,1
DA:93,1
DA:99,1
DA:105,1
DA:106,1
DA:113,1
DA:118,1
DA:126,1
LF:39
LH:31
BRDA:3,0,0,0
BRDA:26,1,0,1
BRDA:26,1,1,1
BRDA:31,2,0,0
BRDA:31,2,1,1
BRDA:37,3,0,0
BRDA:37,3,1,1
BRDA:76,4,0,0
BRDA:76,4,1,0
BRDA:87,5,0,0
BRDA:87,5,1,1
BRDA:105,6,0,1
BRDA:105,6,1,0
BRF:13
BRH:6
end_of_record
TN:
SF:src\services\asignacion.service.js
FN:5,(anonymous_0)
FN:47,(anonymous_1)
FNF:2
FNH:2
FNDA:3,(anonymous_0)
FNDA:1,(anonymous_1)
DA:3,1
DA:5,1
DA:12,3
DA:14,3
DA:15,1
DA:20,2
DA:21,2
DA:22,1
DA:25,1
DA:26,1
DA:29,1
DA:30,1
DA:33,1
DA:34,1
DA:37,1
DA:38,1
DA:39,0
DA:44,1
DA:47,1
DA:50,1
DA:51,1
DA:52,0
DA:55,1
DA:56,1
DA:59,1
DA:60,1
DA:63,1
DA:65,1
LF:28
LH:26
BRDA:12,0,0,2
BRDA:12,0,1,1
BRDA:14,1,0,1
BRDA:14,1,1,2
BRDA:21,2,0,1
BRDA:21,2,1,1
BRDA:26,3,0,0
BRDA:26,3,1,1
BRDA:30,4,0,0
BRDA:30,4,1,1
BRDA:34,5,0,0
BRDA:34,5,1,1
BRDA:37,6,0,1
BRDA:37,6,1,0
BRDA:38,7,0,0
BRDA:38,7,1,1
BRDA:51,8,0,0
BRDA:51,8,1,1
BRDA:56,9,0,0
BRDA:56,9,1,1
BRDA:60,10,0,0
BRDA:60,10,1,1
BRF:22
BRH:14
end_of_record
TN:
SF:src\services\auth.service.js
FN:8,(anonymous_0)
FN:25,(anonymous_1)
FNF:2
FNH:2
FNDA:1,(anonymous_0)
FNDA:3,(anonymous_1)
DA:5,1
DA:7,1
DA:9,1
DA:11,1
DA:12,1
DA:14,1
DA:16,1
DA:26,3
DA:28,3
DA:29,3
DA:31,2
DA:32,2
DA:34,1
DA:35,1
DA:43,1
DA:49,1
LF:16
LH:16
BRDA:11,0,0,1
BRDA:11,0,1,0
BRDA:12,1,0,1
BRDA:12,1,1,0
BRDA:29,2,0,1
BRDA:29,2,1,2
BRDA:32,3,0,1
BRDA:32,3,1,1
BRDA:34,4,0,1
BRDA:34,4,1,0
BRDA:45,5,0,1
BRDA:45,5,1,1
BRDA:53,6,0,1
BRDA:53,6,1,0
BRF:14
BRH:10
end_of_record
TN:
SF:src\services\estudiante.service.js
FN:4,(anonymous_0)
FN:27,(anonymous_1)
FN:31,(anonymous_2)
FN:35,(anonymous_3)
FN:49,(anonymous_4)
FNF:5
FNH:5
FNDA:2,(anonymous_0)
FNDA:1,(anonymous_1)
FNDA:1,(anonymous_2)
FNDA:4,(anonymous_3)
FNDA:3,(anonymous_4)
DA:5,2
DA:7,2
DA:8,1
DA:13,1
DA:28,1
DA:32,1
DA:36,4
DA:37,2
DA:40,2
DA:42,2
DA:43,1
DA:46,1
DA:50,3
DA:51,1
DA:54,2
DA:55,2
DA:56,1
DA:59,1
LF:18
LH:18
BRDA:7,0,0,1
BRDA:7,0,1,1
BRDA:36,1,0,2
BRDA:36,1,1,2
BRDA:42,2,0,1
BRDA:42,2,1,1
BRDA:50,3,0,1
BRDA:50,3,1,2
BRDA:55,4,0,1
BRDA:55,4,1,1
BRF:10
BRH:10
end_of_record
TN:
SF:src\services\funcionario.service.js
FN:4,(anonymous_0)
FN:8,(anonymous_1)
FNF:2
FNH:2
FNDA:1,(anonymous_0)
FNDA:1,(anonymous_1)
DA:5,1
DA:8,1
LF:2
LH:2
BRF:0
BRH:0
end_of_record
TN:
SF:src\services\rol.service.js
FN:5,(anonymous_0)
FN:9,(anonymous_1)
FNF:2
FNH:2
FNDA:1,(anonymous_0)
FNDA:1,(anonymous_1)
DA:3,1
DA:5,1
DA:6,1
DA:9,1
DA:10,1
LF:5
LH:5
BRF:0
BRH:0
end_of_record
TN:
SF:src\services\tipo-funcionario.service.js
FN:7,(anonymous_0)
FN:23,(anonymous_1)
FN:27,(anonymous_2)
FN:33,(anonymous_3)
FN:37,(anonymous_4)
FNF:5
FNH:3
FNDA:3,(anonymous_0)
FNDA:1,(anonymous_1)
FNDA:1,(anonymous_2)
FNDA:0,(anonymous_3)
FNDA:0,(anonymous_4)
DA:4,1
DA:8,3
DA:10,3
DA:11,3
DA:12,1
DA:14,2
DA:15,1
DA:20,1
DA:24,1
DA:28,1
DA:29,1
DA:30,1
DA:34,0
DA:38,0
LF:14
LH:12
BRDA:8,0,0,0
BRDA:8,0,1,3
BRDA:11,1,0,1
BRDA:11,1,1,2
BRDA:11,2,0,3
BRDA:11,2,1,2
BRDA:14,3,0,1
BRDA:14,3,1,1
BRDA:14,4,0,2
BRDA:14,4,1,1
BRDA:29,5,0,0
BRDA:29,5,1,1
BRF:12
BRH:10
end_of_record
