TN:
SF:src\config\prisma.js
FNF:0
FNH:0
DA:7,2
DA:10,2
DA:13,2
LF:3
LH:3
BRF:0
BRH:0
end_of_record
TN:
SF:src\controllers\asignacion-pie.controller.js
FN:15,(anonymous_0)
FN:24,(anonymous_1)
FN:46,(anonymous_2)
FN:59,(anonymous_3)
FN:74,(anonymous_4)
FNF:5
FNH:5
FNDA:2,(anonymous_0)
FNDA:4,(anonymous_1)
FNDA:1,(anonymous_2)
FNDA:1,(anonymous_3)
FNDA:1,(anonymous_4)
DA:8,1
DA:15,1
DA:16,2
DA:18,2
DA:24,1
DA:25,4
DA:27,4
DA:28,1
DA:34,3
DA:35,3
DA:40,1
DA:42,2
DA:46,1
DA:47,1
DA:48,1
DA:50,1
DA:55,0
DA:59,1
DA:60,1
DA:61,1
DA:65,1
DA:70,0
DA:74,1
DA:75,1
DA:76,1
DA:81,1
DA:83,0
LF:27
LH:24
BRDA:16,0,0,2
BRDA:16,0,1,1
BRDA:27,1,0,1
BRDA:27,1,1,3
BRF:4
BRH:4
end_of_record
TN:
SF:src\controllers\asignacion.controller.js
FN:3,(anonymous_0)
FN:29,(anonymous_1)
FNF:2
FNH:2
FNDA:3,(anonymous_0)
FNDA:2,(anonymous_1)
DA:3,2
DA:4,3
DA:5,3
DA:7,3
DA:8,0
DA:14,3
DA:15,3
DA:22,2
DA:25,1
DA:29,2
DA:30,2
DA:31,2
DA:32,2
DA:34,2
DA:36,1
DA:41,1
LF:16
LH:15
BRDA:7,0,0,0
BRDA:7,0,1,3
BRDA:7,1,0,3
BRDA:7,1,1,3
BRF:4
BRH:3
end_of_record
TN:
SF:src\controllers\auth.controller.js
FN:5,(anonymous_0)
FN:29,(anonymous_1)
FNF:2
FNH:2
FNDA:2,(anonymous_0)
FNDA:3,(anonymous_1)
DA:5,2
DA:6,2
DA:7,2
DA:9,2
DA:10,1
DA:16,1
DA:17,1
DA:22,0
DA:23,0
DA:29,2
DA:30,3
DA:31,3
DA:33,3
DA:34,0
DA:43,3
DA:44,1
DA:49,2
DA:50,1
DA:55,1
DA:56,1
LF:20
LH:17
BRDA:16,0,0,1
BRDA:16,0,1,0
BRDA:40,1,0,0
BRDA:40,1,1,0
BRDA:43,2,0,1
BRDA:43,2,1,2
BRDA:49,3,0,1
BRDA:49,3,1,1
BRF:8
BRH:5
end_of_record
TN:
SF:src\controllers\curso.controller.js
FN:4,(anonymous_0)
FN:30,(anonymous_1)
FNF:2
FNH:2
FNDA:4,(anonymous_0)
FNDA:1,(anonymous_1)
DA:4,1
DA:5,4
DA:6,4
DA:7,4
DA:9,1
DA:14,3
DA:15,1
DA:19,2
DA:20,1
DA:25,1
DA:26,1
DA:30,1
DA:31,1
DA:32,1
DA:33,1
DA:35,0
DA:36,0
LF:17
LH:15
BRDA:14,0,0,1
BRDA:14,0,1,2
BRDA:19,1,0,1
BRDA:19,1,1,1
BRF:4
BRH:4
end_of_record
TN:
SF:src\controllers\dashboard.controller.js
FN:3,(anonymous_0)
FNF:1
FNH:1
FNDA:2,(anonymous_0)
DA:3,2
DA:4,2
DA:5,2
DA:7,1
DA:9,1
DA:10,1
LF:6
LH:6
BRF:0
BRH:0
end_of_record
TN:
SF:src\controllers\documento.controller.js
FN:9,(anonymous_0)
FN:37,(anonymous_1)
FNF:2
FNH:2
FNDA:3,(anonymous_0)
FNDA:3,(anonymous_1)
DA:5,2
DA:6,2
DA:9,2
DA:10,3
DA:11,3
DA:12,2
DA:19,1
DA:24,1
DA:29,0
DA:37,2
DA:38,3
DA:39,3
DA:42,3
DA:44,1
DA:49,2
DA:50,2
LF:16
LH:15
BRDA:11,0,0,2
BRDA:11,0,1,1
BRDA:39,1,0,0
BRDA:39,2,0,0
BRDA:49,3,0,1
BRDA:49,3,1,1
BRDA:53,4,0,1
BRDA:53,4,1,1
BRF:8
BRH:6
end_of_record
TN:
SF:src\controllers\estudiante.controller.js
FN:5,(anonymous_0)
FN:37,(anonymous_1)
FN:55,(anonymous_2)
FN:72,(anonymous_3)
FN:104,(anonymous_4)
FNF:5
FNH:5
FNDA:3,(anonymous_0)
FNDA:2,(anonymous_1)
FNDA:1,(anonymous_2)
FNDA:2,(anonymous_3)
FNDA:2,(anonymous_4)
DA:5,2
DA:6,3
DA:7,3
DA:9,2
DA:11,1
DA:16,2
DA:17,2
DA:22,0
DA:23,0
DA:28,0
DA:30,0
DA:37,2
DA:38,2
DA:39,2
DA:41,1
DA:46,1
DA:47,1
DA:55,2
DA:56,1
DA:57,1
DA:59,1
DA:64,0
DA:65,0
DA:72,2
DA:73,2
DA:74,2
DA:75,2
DA:77,0
DA:82,2
DA:83,0
DA:89,2
DA:90,2
DA:96,0
DA:97,0
DA:104,2
DA:105,2
DA:106,2
DA:107,2
DA:108,2
DA:110,1
DA:115,1
DA:116,0
DA:120,1
DA:121,1
DA:125,0
DA:126,0
LF:46
LH:33
BRDA:16,0,0,2
BRDA:16,0,1,0
BRDA:22,1,0,0
BRDA:22,1,1,0
BRDA:82,2,0,0
BRDA:82,2,1,2
BRDA:89,3,0,2
BRDA:89,3,1,0
BRDA:115,4,0,0
BRDA:115,4,1,1
BRDA:120,5,0,1
BRDA:120,5,1,0
BRF:12
BRH:5
end_of_record
TN:
SF:src\controllers\funcionario.controller.js
FN:3,(anonymous_0)
FNF:1
FNH:1
FNDA:2,(anonymous_0)
DA:3,2
DA:4,2
DA:5,2
DA:7,1
DA:9,1
DA:10,1
LF:6
LH:6
BRF:0
BRH:0
end_of_record
TN:
SF:src\controllers\rol.controller.js
FN:3,(anonymous_0)
FNF:1
FNH:1
FNDA:2,(anonymous_0)
DA:3,2
DA:4,2
DA:5,2
DA:6,1
DA:8,1
LF:5
LH:5
BRF:0
BRH:0
end_of_record
TN:
SF:src\controllers\tipo-funcionario.controller.js
FN:5,(anonymous_0)
FN:17,(anonymous_1)
FN:22,(anonymous_2)
FN:31,(anonymous_3)
FN:36,(anonymous_4)
FNF:5
FNH:3
FNDA:2,(anonymous_0)
FNDA:1,(anonymous_1)
FNDA:1,(anonymous_2)
FNDA:0,(anonymous_3)
FNDA:0,(anonymous_4)
DA:3,1
DA:5,1
DA:6,2
DA:7,2
DA:8,1
DA:13,1
DA:17,1
DA:18,1
DA:19,1
DA:22,1
DA:23,1
DA:24,1
DA:25,0
DA:27,1
DA:31,1
DA:32,0
DA:33,0
DA:36,1
DA:37,0
DA:38,0
LF:20
LH:15
BRF:0
BRH:0
end_of_record
TN:
SF:src\dto\asignacion-pie.dto.js
FN:1,(anonymous_0)
FN:7,(anonymous_1)
FNF:2
FNH:2
FNDA:10,(anonymous_0)
FNDA:5,(anonymous_1)
DA:1,2
DA:2,10
DA:4,10
DA:7,2
DA:8,5
DA:9,5
DA:10,5
DA:12,5
DA:13,1
DA:16,5
DA:17,1
DA:20,5
LF:12
LH:12
BRDA:2,0,0,0
BRDA:2,0,1,10
BRDA:4,1,0,8
BRDA:4,1,1,2
BRDA:7,2,0,0
BRDA:12,3,0,1
BRDA:12,3,1,4
BRDA:16,4,0,1
BRDA:16,4,1,4
BRF:9
BRH:7
end_of_record
TN:
SF:src\dto\create-curso.dto.js
FN:2,(anonymous_0)
FN:11,(anonymous_1)
FNF:2
FNH:2
FNDA:8,(anonymous_0)
FNDA:8,(anonymous_1)
DA:3,8
DA:4,8
DA:5,8
DA:6,8
DA:8,8
DA:12,8
DA:13,1
DA:16,7
DA:17,1
DA:20,6
DA:21,1
DA:24,5
DA:25,1
LF:13
LH:13
BRDA:6,0,0,8
BRDA:6,0,1,1
BRDA:12,1,0,1
BRDA:12,1,1,7
BRDA:16,2,0,1
BRDA:16,2,1,6
BRDA:20,3,0,1
BRDA:20,3,1,5
BRDA:24,4,0,1
BRDA:24,4,1,4
BRF:10
BRH:10
end_of_record
TN:
SF:src\dto\create-estudiante.dto.js
FN:2,(anonymous_0)
FN:29,(anonymous_1)
FNF:2
FNH:2
FNDA:6,(anonymous_0)
FNDA:6,(anonymous_1)
DA:3,6
DA:4,6
DA:5,6
DA:7,6
DA:8,6
DA:10,6
DA:12,6
DA:16,6
DA:20,6
DA:24,6
DA:26,6
DA:30,6
DA:31,2
DA:34,4
DA:35,1
DA:38,3
DA:39,1
DA:42,2
DA:43,0
DA:46,2
DA:47,0
DA:52,2
DA:53,0
LF:23
LH:20
BRDA:4,0,0,6
BRDA:4,0,1,6
BRDA:5,1,0,6
BRDA:5,1,1,6
BRDA:7,2,0,6
BRDA:7,2,1,2
BRDA:8,3,0,6
BRDA:8,3,1,6
BRDA:10,4,0,6
BRDA:10,4,1,1
BRDA:12,5,0,5
BRDA:12,5,1,1
BRDA:16,6,0,0
BRDA:16,6,1,6
BRDA:20,7,0,6
BRDA:20,7,1,6
BRDA:30,8,0,2
BRDA:30,8,1,4
BRDA:34,9,0,1
BRDA:34,9,1,3
BRDA:38,10,0,1
BRDA:38,10,1,2
BRDA:42,11,0,0
BRDA:42,11,1,2
BRDA:46,12,0,0
BRDA:46,12,1,2
BRDA:46,13,0,2
BRDA:46,13,1,2
BRDA:52,14,0,0
BRDA:52,14,1,2
BRF:30
BRH:26
end_of_record
TN:
SF:src\dto\login.dto.js
FN:2,(anonymous_0)
FN:10,(anonymous_1)
FNF:2
FNH:2
FNDA:6,(anonymous_0)
FNDA:6,(anonymous_1)
DA:4,6
DA:5,6
DA:7,6
DA:11,6
DA:12,1
DA:13,5
DA:14,1
LF:7
LH:7
BRDA:4,0,0,6
BRDA:4,0,1,1
BRDA:5,1,0,6
BRDA:5,1,1,1
BRDA:11,2,0,1
BRDA:11,2,1,5
BRDA:13,3,0,1
BRDA:13,3,1,4
BRF:8
BRH:8
end_of_record
TN:
SF:src\dto\register.dto.js
FN:2,(anonymous_0)
FN:13,(anonymous_1)
FNF:2
FNH:2
FNDA:8,(anonymous_0)
FNDA:8,(anonymous_1)
DA:4,8
DA:5,8
DA:6,8
DA:7,8
DA:8,8
DA:10,8
DA:14,8
DA:15,1
DA:16,7
DA:17,1
DA:20,6
DA:21,6
DA:22,1
DA:24,5
DA:25,1
DA:26,4
LF:16
LH:16
BRDA:4,0,0,8
BRDA:4,0,1,1
BRDA:5,1,0,8
BRDA:5,1,1,1
BRDA:6,2,0,8
BRDA:6,2,1,1
BRDA:7,3,0,8
BRDA:7,3,1,1
BRDA:14,4,0,1
BRDA:14,4,1,7
BRDA:16,5,0,1
BRDA:16,5,1,6
BRDA:21,6,0,1
BRDA:21,6,1,5
BRDA:24,7,0,1
BRDA:24,7,1,4
BRDA:26,8,0,1
BRDA:26,8,1,3
BRF:18
BRH:18
end_of_record
TN:
SF:src\dto\update-estudiante.dto.js
FN:2,(anonymous_0)
FN:16,(anonymous_1)
FNF:2
FNH:2
FNDA:9,(anonymous_0)
FNDA:9,(anonymous_1)
DA:3,9
DA:4,9
DA:5,9
DA:6,9
DA:7,9
DA:8,9
DA:9,9
DA:10,9
DA:11,9
DA:13,9
DA:17,9
DA:18,1
DA:20,8
DA:21,1
DA:23,7
DA:24,1
DA:26,6
DA:27,1
DA:29,5
DA:30,1
DA:32,4
DA:33,1
DA:35,3
DA:36,1
LF:24
LH:24
BRDA:17,0,0,1
BRDA:17,0,1,8
BRDA:17,1,0,9
BRDA:17,1,1,1
BRDA:20,2,0,1
BRDA:20,2,1,7
BRDA:20,3,0,8
BRDA:20,3,1,1
BRDA:23,4,0,1
BRDA:23,4,1,6
BRDA:23,5,0,7
BRDA:23,5,1,1
BRDA:26,6,0,1
BRDA:26,6,1,5
BRDA:26,7,0,6
BRDA:26,7,1,1
BRDA:29,8,0,1
BRDA:29,8,1,4
BRDA:29,9,0,5
BRDA:29,9,1,1
BRDA:32,10,0,1
BRDA:32,10,1,3
BRDA:32,11,0,4
BRDA:32,11,1,1
BRDA:35,12,0,1
BRDA:35,12,1,2
BRDA:35,13,0,3
BRDA:35,13,1,1
BRF:28
BRH:28
end_of_record
TN:
SF:src\events\eventBus.js
FNF:0
FNH:0
DA:3,2
LF:1
LH:1
BRF:0
BRH:0
end_of_record
TN:
SF:src\middleware\auth.js
FN:3,(anonymous_0)
FNF:1
FNH:1
FNDA:3,(anonymous_0)
DA:3,1
DA:4,3
DA:6,3
DA:8,2
DA:12,2
DA:13,2
DA:17,1
DA:18,1
DA:20,1
LF:9
LH:9
BRDA:6,0,0,1
BRDA:6,0,1,2
BRDA:8,1,0,2
BRDA:8,1,1,0
BRDA:15,2,0,2
BRDA:15,2,1,0
BRF:6
BRH:4
end_of_record
TN:
SF:src\repositories\asignacion-pie.repository.js
FN:4,(anonymous_0)
FN:14,(anonymous_1)
FN:23,(anonymous_2)
FN:32,(anonymous_3)
FN:41,(anonymous_4)
FN:51,(anonymous_5)
FNF:6
FNH:6
FNDA:3,(anonymous_0)
FNDA:2,(anonymous_1)
FNDA:3,(anonymous_2)
FNDA:3,(anonymous_3)
FNDA:3,(anonymous_4)
FNDA:3,(anonymous_5)
DA:5,3
DA:15,2
DA:24,3
DA:33,3
DA:42,3
DA:52,3
LF:6
LH:6
BRDA:4,0,0,1
BRDA:14,1,0,1
BRDA:23,2,0,1
BRDA:32,3,0,1
BRDA:41,4,0,1
BRDA:51,5,0,1
BRF:6
BRH:6
end_of_record
TN:
SF:src\repositories\auth.repository.js
FN:4,(anonymous_0)
FN:30,(anonymous_1)
FNF:2
FNH:2
FNDA:1,(anonymous_0)
FNDA:1,(anonymous_1)
DA:11,1
DA:31,1
LF:2
LH:2
BRF:0
BRH:0
end_of_record
TN:
SF:src\repositories\curso.repository.js
FN:4,(anonymous_0)
FN:14,(anonymous_1)
FN:31,(anonymous_2)
FNF:3
FNH:3
FNDA:1,(anonymous_0)
FNDA:1,(anonymous_1)
FNDA:1,(anonymous_2)
DA:5,1
DA:15,1
DA:32,1
LF:3
LH:3
BRF:0
BRH:0
end_of_record
TN:
SF:src\repositories\documento.repository.js
FN:5,(anonymous_0)
FN:12,(anonymous_1)
FNF:2
FNH:2
FNDA:1,(anonymous_0)
FNDA:1,(anonymous_1)
DA:6,1
DA:13,1
DA:23,1
LF:3
LH:3
BRF:0
BRH:0
end_of_record
TN:
SF:src\repositories\estudiante.repository.js
FN:4,(anonymous_0)
FN:10,(anonymous_1)
FN:27,(anonymous_2)
FN:33,(anonymous_3)
FN:40,(anonymous_4)
FN:53,(anonymous_5)
FN:64,(anonymous_6)
FNF:7
FNH:7
FNDA:2,(anonymous_0)
FNDA:2,(anonymous_1)
FNDA:2,(anonymous_2)
FNDA:2,(anonymous_3)
FNDA:3,(anonymous_4)
FNDA:3,(anonymous_5)
FNDA:3,(anonymous_6)
DA:5,2
DA:11,2
DA:28,2
DA:34,2
DA:41,3
DA:54,3
DA:65,3
LF:7
LH:7
BRDA:22,0,0,2
BRDA:22,0,1,2
BRDA:40,1,0,1
BRDA:53,2,0,1
BRDA:64,3,0,1
BRF:5
BRH:5
end_of_record
TN:
SF:src\repositories\funcionario.repository.js
FN:4,(anonymous_0)
FN:13,(anonymous_1)
FNF:2
FNH:2
FNDA:3,(anonymous_0)
FNDA:2,(anonymous_1)
DA:5,3
DA:14,2
LF:2
LH:2
BRDA:4,0,0,1
BRF:1
BRH:1
end_of_record
TN:
SF:src\repositories\rol.repository.js
FN:4,(anonymous_0)
FN:8,(anonymous_1)
FNF:2
FNH:2
FNDA:1,(anonymous_0)
FNDA:1,(anonymous_1)
DA:5,1
DA:9,1
LF:2
LH:2
BRF:0
BRH:0
end_of_record
TN:
SF:src\repositories\tipo-funcionario.repository.js
FN:4,(anonymous_0)
FN:8,(anonymous_1)
FN:12,(anonymous_2)
FN:18,(anonymous_3)
FN:25,(anonymous_4)
FN:32,(anonymous_5)
FNF:6
FNH:6
FNDA:1,(anonymous_0)
FNDA:1,(anonymous_1)
FNDA:1,(anonymous_2)
FNDA:1,(anonymous_3)
FNDA:1,(anonymous_4)
FNDA:1,(anonymous_5)
DA:5,1
DA:9,1
DA:13,1
DA:19,1
DA:26,1
DA:33,1
LF:6
LH:6
BRF:0
BRH:0
end_of_record
TN:
SF:src\services\asignacion-pie.service.js
FN:3,(anonymous_0)
FN:10,(anonymous_1)
FN:22,(anonymous_2)
FN:41,(anonymous_3)
FN:68,(anonymous_4)
FN:72,(anonymous_5)
FN:83,(anonymous_6)
FN:92,(anonymous_7)
FNF:8
FNH:7
FNDA:4,(anonymous_0)
FNDA:8,(anonymous_1)
FNDA:4,(anonymous_2)
FNDA:1,(anonymous_3)
FNDA:0,(anonymous_4)
FNDA:1,(anonymous_5)
FNDA:2,(anonymous_6)
FNDA:2,(anonymous_7)
DA:3,2
DA:4,4
DA:5,4
DA:6,4
DA:16,8
DA:17,8
DA:18,8
DA:19,8
DA:24,4
DA:26,4
DA:27,1
DA:30,3
DA:31,3
DA:32,1
DA:36,2
DA:37,2
DA:38,1
DA:41,1
DA:42,1
DA:47,1
DA:49,1
DA:53,1
DA:61,1
DA:69,0
DA:74,1
DA:76,1
DA:77,1
DA:80,0
DA:85,2
DA:87,2
DA:88,0
DA:91,2
DA:93,2
DA:99,2
DA:105,2
DA:106,1
DA:113,2
DA:118,2
DA:126,2
LF:39
LH:36
BRDA:3,0,0,0
BRDA:26,1,0,1
BRDA:26,1,1,3
BRDA:31,2,0,1
BRDA:31,2,1,2
BRDA:37,3,0,1
BRDA:37,3,1,1
BRDA:76,4,0,1
BRDA:76,4,1,0
BRDA:87,5,0,0
BRDA:87,5,1,2
BRDA:105,6,0,1
BRDA:105,6,1,1
BRF:13
BRH:10
end_of_record
TN:
SF:src\services\asignacion.service.js
FN:5,(anonymous_0)
FN:47,(anonymous_1)
FNF:2
FNH:2
FNDA:7,(anonymous_0)
FNDA:2,(anonymous_1)
DA:3,1
DA:5,1
DA:12,7
DA:14,7
DA:15,1
DA:20,6
DA:21,6
DA:22,1
DA:25,5
DA:26,5
DA:29,4
DA:30,4
DA:33,3
DA:34,3
DA:37,2
DA:38,2
DA:39,1
DA:44,1
DA:47,1
DA:50,2
DA:51,2
DA:52,0
DA:55,2
DA:56,2
DA:59,2
DA:60,2
DA:63,1
DA:65,1
LF:28
LH:27
BRDA:12,0,0,2
BRDA:12,0,1,5
BRDA:14,1,0,1
BRDA:14,1,1,6
BRDA:21,2,0,1
BRDA:21,2,1,5
BRDA:26,3,0,1
BRDA:26,3,1,4
BRDA:30,4,0,1
BRDA:30,4,1,3
BRDA:34,5,0,1
BRDA:34,5,1,2
BRDA:37,6,0,2
BRDA:37,6,1,0
BRDA:38,7,0,1
BRDA:38,7,1,1
BRDA:51,8,0,0
BRDA:51,8,1,2
BRDA:56,9,0,0
BRDA:56,9,1,2
BRDA:60,10,0,1
BRDA:60,10,1,1
BRF:22
BRH:19
end_of_record
TN:
SF:src\services\auth.service.js
FN:8,(anonymous_0)
FN:25,(anonymous_1)
FNF:2
FNH:2
FNDA:1,(anonymous_0)
FNDA:3,(anonymous_1)
DA:5,1
DA:7,1
DA:9,1
DA:11,1
DA:12,1
DA:14,1
DA:16,1
DA:26,3
DA:28,3
DA:29,3
DA:31,2
DA:32,2
DA:34,1
DA:35,1
DA:43,1
DA:49,1
LF:16
LH:16
BRDA:11,0,0,1
BRDA:11,0,1,0
BRDA:12,1,0,1
BRDA:12,1,1,0
BRDA:29,2,0,1
BRDA:29,2,1,2
BRDA:32,3,0,1
BRDA:32,3,1,1
BRDA:34,4,0,1
BRDA:34,4,1,0
BRDA:45,5,0,1
BRDA:45,5,1,1
BRDA:53,6,0,1
BRDA:53,6,1,0
BRF:14
BRH:10
end_of_record
TN:
SF:src\services\estudiante.service.js
FN:4,(anonymous_0)
FN:27,(anonymous_1)
FN:31,(anonymous_2)
FN:35,(anonymous_3)
FN:49,(anonymous_4)
FNF:5
FNH:5
FNDA:2,(anonymous_0)
FNDA:1,(anonymous_1)
FNDA:1,(anonymous_2)
FNDA:4,(anonymous_3)
FNDA:3,(anonymous_4)
DA:5,2
DA:7,2
DA:8,1
DA:13,1
DA:28,1
DA:32,1
DA:36,4
DA:37,2
DA:40,2
DA:42,2
DA:43,1
DA:46,1
DA:50,3
DA:51,1
DA:54,2
DA:55,2
DA:56,1
DA:59,1
LF:18
LH:18
BRDA:7,0,0,1
BRDA:7,0,1,1
BRDA:36,1,0,2
BRDA:36,1,1,2
BRDA:42,2,0,1
BRDA:42,2,1,1
BRDA:50,3,0,1
BRDA:50,3,1,2
BRDA:55,4,0,1
BRDA:55,4,1,1
BRF:10
BRH:10
end_of_record
TN:
SF:src\services\funcionario.service.js
FN:4,(anonymous_0)
FN:8,(anonymous_1)
FNF:2
FNH:2
FNDA:1,(anonymous_0)
FNDA:1,(anonymous_1)
DA:5,1
DA:8,1
LF:2
LH:2
BRF:0
BRH:0
end_of_record
TN:
SF:src\services\rol.service.js
FN:5,(anonymous_0)
FN:9,(anonymous_1)
FNF:2
FNH:2
FNDA:1,(anonymous_0)
FNDA:1,(anonymous_1)
DA:3,1
DA:5,1
DA:6,1
DA:9,1
DA:10,1
LF:5
LH:5
BRF:0
BRH:0
end_of_record
TN:
SF:src\services\tipo-funcionario.service.js
FN:6,(anonymous_0)
FN:22,(anonymous_1)
FN:26,(anonymous_2)
FN:32,(anonymous_3)
FN:36,(anonymous_4)
FNF:5
FNH:5
FNDA:4,(anonymous_0)
FNDA:1,(anonymous_1)
FNDA:2,(anonymous_2)
FNDA:1,(anonymous_3)
FNDA:1,(anonymous_4)
DA:3,1
DA:7,4
DA:9,3
DA:10,3
DA:11,1
DA:13,2
DA:14,1
DA:19,1
DA:23,1
DA:27,2
DA:28,2
DA:29,1
DA:33,1
DA:37,1
LF:14
LH:14
BRDA:7,0,0,1
BRDA:7,0,1,3
BRDA:10,1,0,1
BRDA:10,1,1,2
BRDA:13,2,0,1
BRDA:13,2,1,1
BRDA:13,3,0,2
BRDA:13,3,1,1
BRDA:28,4,0,1
BRDA:28,4,1,1
BRF:10
BRH:10
end_of_record
